------------Ubuntu 16.04 Python----------
------------author:leo--------------
@@@@@@@@@@@@@@@@@@@@@@@@@@@@@@@@@@@@@@@@@@@@@@@@@@@@@@@@@@@@@@@@@@@@@@@@@@@@@@@@@@@@@@@@@@@@@@@
本次背包问题实验规模为 537
物品重量列表：
[86.0, 32.3, 73.3, 17.6, 58.5, 92.8, 20.1, 24.2, 9.9, 96.4, 54.3, 39.3, 75.5, 78.2, 62.6, 29.6, 17.4, 9.2, 54.1, 26.8, 47.6, 82.0, 41.5, 41.1, 87.4, 92.8, 1.7, 18.2, 37.6, 60.7, 52.8, 78.1, 24.0, 45.6, 78.0, 44.3, 12.2, 94.2, 44.9, 14.9, 54.9, 24.0, 45.6, 11.0, 93.2, 56.6, 82.7, 59.1, 1.3, 64.2, 22.4, 98.5, 96.0, 19.4, 14.2, 2.3, 89.4, 21.8, 77.6, 86.8, 77.3, 53.3, 6.4, 34.3, 22.6, 48.1, 48.2, 8.9, 57.5, 70.4, 74.6, 80.7, 88.8, 60.1, 81.7, 17.3, 79.6, 37.1, 48.3, 9.3, 7.5, 5.9, 99.9, 28.4, 44.2, 78.8, 86.4, 63.1, 20.2, 59.4, 1.3, 55.4, 90.5, 46.0, 95.3, 84.7, 99.8, 74.8, 79.6, 87.4, 66.6, 65.4, 84.9, 21.1, 83.8, 46.7, 11.1, 4.6, 27.4, 8.2, 52.2, 60.5, 1.4, 81.5, 6.5, 14.3, 10.3, 65.7, 27.2, 70.2, 62.1, 19.9, 8.1, 80.5, 85.0, 24.9, 68.2, 76.1, 17.2, 2.6, 42.4, 54.9, 85.8, 12.1, 49.4, 84.8, 37.1, 78.4, 13.9, 47.0, 5.1, 73.4, 56.6, 50.6, 87.1, 77.1, 96.6, 36.4, 29.5, 24.3, 60.6, 4.7, 28.8, 60.2, 5.9, 49.9, 87.6, 82.1, 10.5, 92.8, 56.9, 66.6, 60.1, 76.3, 91.6, 92.1, 56.0, 91.2, 29.4, 94.7, 49.5, 26.9, 60.6, 62.6, 1.1, 17.3, 42.8, 2.8, 79.5, 71.9, 80.2, 92.3, 6.8, 7.1, 49.7, 70.3, 65.4, 40.5, 17.6, 60.7, 51.1, 87.8, 30.4, 59.9, 58.5, 21.7, 71.4, 50.4, 46.1, 67.9, 54.0, 4.8, 55.8, 37.5, 65.6, 15.6, 12.3, 69.8, 20.8, 45.8, 92.0, 47.4, 33.3, 33.2, 65.1, 24.2, 1.4, 76.9, 26.2, 11.4, 49.5, 97.2, 67.2, 96.6, 51.5, 64.6, 8.2, 50.2, 79.7, 4.5, 23.5, 67.5, 91.0, 27.3, 11.2, 72.7, 98.3, 46.1, 54.3, 29.1, 60.8, 84.1, 99.5, 64.3, 43.4, 88.2, 45.2, 71.6, 37.0, 24.2, 32.0, 68.2, 75.5, 22.7, 67.7, 36.6, 78.9, 87.5, 51.6, 97.8, 22.8, 84.2, 62.5, 73.4, 87.7, 51.2, 70.5, 85.0, 40.7, 16.9, 21.5, 3.6, 99.6, 99.7, 13.8, 94.5, 88.4, 28.2, 8.6, 60.0, 91.8, 58.3, 26.0, 96.2, 60.4, 92.3, 3.5, 69.5, 87.1, 82.2, 21.9, 9.0, 28.8, 91.8, 80.6, 42.9, 25.1, 55.9, 15.8, 52.1, 52.4, 21.2, 55.6, 34.5, 10.2, 29.5, 42.1, 60.5, 29.1, 70.2, 48.4, 35.6, 14.6, 6.6, 43.9, 93.3, 57.6, 2.7, 29.5, 66.6, 27.6, 98.0, 98.9, 95.6, 75.5, 65.2, 76.7, 62.7, 3.2, 10.6, 60.1, 53.9, 16.3, 93.4, 4.8, 35.2, 90.8, 73.4, 25.0, 30.7, 52.6, 72.5, 64.9, 91.8, 22.1, 83.2, 25.7, 95.5, 78.1, 80.8, 59.7, 63.7, 23.0, 23.3, 54.1, 68.7, 87.4, 2.0, 3.7, 23.9, 46.2, 24.5, 26.4, 63.2, 22.6, 78.9, 14.7, 94.0, 19.2, 26.9, 67.0, 14.9, 43.2, 20.7, 86.7, 41.8, 89.2, 69.3, 14.4, 78.8, 35.7, 19.5, 12.4, 59.0, 76.4, 61.5, 94.7, 63.3, 70.7, 87.7, 34.4, 68.6, 73.1, 99.2, 71.7, 69.2, 68.7, 23.2, 5.9, 99.4, 95.5, 46.0, 73.1, 34.6, 94.4, 57.5, 58.1, 32.9, 51.7, 67.3, 37.9, 65.9, 99.9, 23.9, 45.4, 87.0, 27.7, 87.8, 56.0, 81.4, 67.4, 81.9, 36.7, 8.0, 36.2, 26.9, 64.2, 33.6, 25.0, 7.0, 68.3, 35.3, 32.8, 52.2, 55.0, 81.1, 84.9, 38.2, 5.2, 38.6, 31.4, 56.0, 77.8, 93.9, 20.9, 33.3, 91.2, 4.7, 28.4, 38.6, 89.0, 72.0, 53.7, 46.6, 50.7, 5.6, 61.3, 71.1, 4.7, 32.1, 66.6, 14.0, 60.5, 72.8, 80.9, 24.6, 38.8, 88.6, 81.1, 80.5, 89.5, 37.0, 27.5, 42.7, 78.4, 1.4, 90.7, 2.6, 9.4, 61.4, 95.1, 77.7, 15.2, 2.8, 14.5, 57.1, 61.1, 15.9, 18.4, 36.6, 48.2, 42.4, 5.5, 64.0, 65.4, 82.3, 27.6, 34.0, 82.3, 98.0, 83.5, 30.3, 4.8, 61.1, 98.6, 72.1, 6.8, 20.2, 36.0, 53.1, 76.0, 83.2, 67.6, 76.2, 7.4, 99.8, 14.9, 6.8, 10.9, 2.4, 99.8, 50.4, 51.3, 95.0, 29.4, 84.7, 20.1, 37.1, 61.2, 22.0, 67.7, 90.2, 4.7, 60.1, 39.1, 19.9, 9.7]
物品总重量: 27389.4
其中设置的价值与重量有关
物品价值列表：
[78.0, 30.0, 66.0, 16.0, 53.0, 84.0, 19.0, 22.0, 9.0, 87.0, 49.0, 36.0, 68.0, 71.0, 57.0, 27.0, 16.0, 9.0, 49.0, 25.0, 43.0, 74.0, 38.0, 37.0, 79.0, 84.0, 2.0, 17.0, 34.0, 55.0, 48.0, 71.0, 22.0, 42.0, 71.0, 40.0, 11.0, 85.0, 41.0, 14.0, 50.0, 22.0, 42.0, 10.0, 84.0, 51.0, 75.0, 54.0, 2.0, 58.0, 21.0, 89.0, 87.0, 18.0, 13.0, 3.0, 81.0, 20.0, 70.0, 79.0, 70.0, 48.0, 6.0, 31.0, 21.0, 44.0, 44.0, 9.0, 52.0, 64.0, 68.0, 73.0, 80.0, 55.0, 74.0, 16.0, 72.0, 34.0, 44.0, 9.0, 7.0, 6.0, 90.0, 26.0, 40.0, 71.0, 78.0, 57.0, 19.0, 54.0, 2.0, 50.0, 82.0, 42.0, 86.0, 77.0, 90.0, 68.0, 72.0, 79.0, 60.0, 59.0, 77.0, 19.0, 76.0, 43.0, 10.0, 5.0, 25.0, 8.0, 47.0, 55.0, 2.0, 74.0, 6.0, 13.0, 10.0, 60.0, 25.0, 64.0, 56.0, 18.0, 8.0, 73.0, 77.0, 23.0, 62.0, 69.0, 16.0, 3.0, 39.0, 50.0, 78.0, 11.0, 45.0, 77.0, 34.0, 71.0, 13.0, 43.0, 5.0, 67.0, 51.0, 46.0, 79.0, 70.0, 87.0, 33.0, 27.0, 22.0, 55.0, 5.0, 26.0, 55.0, 6.0, 45.0, 79.0, 74.0, 10.0, 84.0, 52.0, 60.0, 55.0, 69.0, 83.0, 83.0, 51.0, 83.0, 27.0, 86.0, 45.0, 25.0, 55.0, 57.0, 1.0, 16.0, 39.0, 3.0, 72.0, 65.0, 73.0, 84.0, 7.0, 7.0, 45.0, 64.0, 59.0, 37.0, 16.0, 55.0, 46.0, 80.0, 28.0, 54.0, 53.0, 20.0, 65.0, 46.0, 42.0, 62.0, 49.0, 5.0, 51.0, 34.0, 60.0, 15.0, 12.0, 63.0, 19.0, 42.0, 83.0, 43.0, 30.0, 30.0, 59.0, 22.0, 2.0, 70.0, 24.0, 11.0, 45.0, 88.0, 61.0, 87.0, 47.0, 59.0, 8.0, 46.0, 72.0, 5.0, 22.0, 61.0, 82.0, 25.0, 11.0, 66.0, 89.0, 42.0, 49.0, 27.0, 55.0, 76.0, 90.0, 58.0, 40.0, 80.0, 41.0, 65.0, 34.0, 22.0, 29.0, 62.0, 68.0, 21.0, 61.0, 33.0, 72.0, 79.0, 47.0, 89.0, 21.0, 76.0, 57.0, 67.0, 79.0, 47.0, 64.0, 77.0, 37.0, 16.0, 20.0, 4.0, 90.0, 90.0, 13.0, 86.0, 80.0, 26.0, 8.0, 54.0, 83.0, 53.0, 24.0, 87.0, 55.0, 84.0, 4.0, 63.0, 79.0, 74.0, 20.0, 9.0, 26.0, 83.0, 73.0, 39.0, 23.0, 51.0, 15.0, 47.0, 48.0, 20.0, 51.0, 32.0, 10.0, 27.0, 38.0, 55.0, 27.0, 64.0, 44.0, 33.0, 14.0, 6.0, 40.0, 84.0, 52.0, 3.0, 27.0, 60.0, 25.0, 89.0, 90.0, 87.0, 68.0, 59.0, 70.0, 57.0, 3.0, 10.0, 55.0, 49.0, 15.0, 85.0, 5.0, 32.0, 82.0, 67.0, 23.0, 28.0, 48.0, 66.0, 59.0, 83.0, 20.0, 75.0, 24.0, 86.0, 71.0, 73.0, 54.0, 58.0, 21.0, 21.0, 49.0, 62.0, 79.0, 2.0, 4.0, 22.0, 42.0, 23.0, 24.0, 57.0, 21.0, 72.0, 14.0, 85.0, 18.0, 25.0, 61.0, 14.0, 39.0, 19.0, 79.0, 38.0, 81.0, 63.0, 13.0, 71.0, 33.0, 18.0, 12.0, 54.0, 69.0, 56.0, 86.0, 57.0, 64.0, 79.0, 31.0, 62.0, 66.0, 90.0, 65.0, 63.0, 62.0, 21.0, 6.0, 90.0, 86.0, 42.0, 66.0, 32.0, 85.0, 52.0, 53.0, 30.0, 47.0, 61.0, 35.0, 60.0, 90.0, 22.0, 41.0, 79.0, 25.0, 80.0, 51.0, 74.0, 61.0, 74.0, 34.0, 8.0, 33.0, 25.0, 58.0, 31.0, 23.0, 7.0, 62.0, 32.0, 30.0, 47.0, 50.0, 73.0, 77.0, 35.0, 5.0, 35.0, 29.0, 51.0, 71.0, 85.0, 19.0, 30.0, 83.0, 5.0, 26.0, 35.0, 81.0, 65.0, 49.0, 42.0, 46.0, 6.0, 56.0, 64.0, 5.0, 29.0, 60.0, 13.0, 55.0, 66.0, 73.0, 23.0, 35.0, 80.0, 73.0, 73.0, 81.0, 34.0, 25.0, 39.0, 71.0, 2.0, 82.0, 3.0, 9.0, 56.0, 86.0, 70.0, 14.0, 3.0, 14.0, 52.0, 55.0, 15.0, 17.0, 33.0, 44.0, 39.0, 5.0, 58.0, 59.0, 75.0, 25.0, 31.0, 75.0, 89.0, 76.0, 28.0, 5.0, 55.0, 89.0, 65.0, 7.0, 19.0, 33.0, 48.0, 69.0, 75.0, 61.0, 69.0, 7.0, 90.0, 14.0, 7.0, 10.0, 3.0, 90.0, 46.0, 47.0, 86.0, 27.0, 77.0, 19.0, 34.0, 56.0, 20.0, 61.0, 82.0, 5.0, 55.0, 36.0, 18.0, 9.0]
物品总价值：24912.0
背包的松紧度是0.5
背包的总容量是 13694.7
@@@@@@@@@@@@@@@@@@@@@@@@@@@@@@@@@@@@@@@@@@@@@@@@@@@@@@@@@@@@@@@@@@@@@@@@@@@@@@@@@@@@@@@@@@@@@@@
++++++++++++++++++++++++++++++++++++++++++++++++++++++++++++++++++++++++++++++++++++++++++++++++++
++++++++++++++++++++++++++++++++++++++++++++++++++++++++++++++++++++++++++++++++++++++++++++++++++
-------模拟退火算法初始化成功-------
-------初始温度：200
-------退火率:0.8
-------运行次数限制: 30
-------模拟退火算法开始计算-------
-------生成初始解中------------
--------初始解生成结束----------
初始解总重量: 13639.2
初始解总价值: 12403.0
迭代次数：1
当前背包内物品总重量: 13656.6
当前背包内物品总价值: 12418.0
迭代次数：2
当前背包内物品总重量: 13485.8
当前背包内物品总价值: 12265.0
迭代次数：3
当前背包内物品总重量: 13485.8
当前背包内物品总价值: 12265.0
迭代次数：4
当前背包内物品总重量: 13485.8
当前背包内物品总价值: 12265.0
迭代次数：5
当前背包内物品总重量: 13485.8
当前背包内物品总价值: 12265.0
迭代次数：6
当前背包内物品总重量: 13485.8
当前背包内物品总价值: 12265.0
迭代次数：7
当前背包内物品总重量: 13432.0
当前背包内物品总价值: 12217.0
迭代次数：8
当前背包内物品总重量: 13432.0
当前背包内物品总价值: 12217.0
迭代次数：9
当前背包内物品总重量: 13590.5
当前背包内物品总价值: 12362.0
迭代次数：10
当前背包内物品总重量: 13590.5
当前背包内物品总价值: 12362.0
迭代次数：11
当前背包内物品总重量: 13590.5
当前背包内物品总价值: 12362.0
迭代次数：12
当前背包内物品总重量: 13590.5
当前背包内物品总价值: 12362.0
迭代次数：13
当前背包内物品总重量: 13651.8
当前背包内物品总价值: 12418.0
迭代次数：14
当前背包内物品总重量: 13651.8
当前背包内物品总价值: 12418.0
迭代次数：15
当前背包内物品总重量: 13651.8
当前背包内物品总价值: 12418.0
迭代次数：16
当前背包内物品总重量: 13651.8
当前背包内物品总价值: 12418.0
迭代次数：17
当前背包内物品总重量: 13651.8
当前背包内物品总价值: 12418.0
迭代次数：18
当前背包内物品总重量: 13651.8
当前背包内物品总价值: 12418.0
迭代次数：19
当前背包内物品总重量: 13651.8
当前背包内物品总价值: 12418.0
迭代次数：20
当前背包内物品总重量: 13651.8
当前背包内物品总价值: 12418.0
迭代次数：21
当前背包内物品总重量: 13651.8
当前背包内物品总价值: 12418.0
迭代次数：22
当前背包内物品总重量: 13651.8
当前背包内物品总价值: 12418.0
迭代次数：23
当前背包内物品总重量: 13651.8
当前背包内物品总价值: 12418.0
迭代次数：24
当前背包内物品总重量: 13651.8
当前背包内物品总价值: 12418.0
迭代次数：25
当前背包内物品总重量: 13651.8
当前背包内物品总价值: 12418.0
迭代次数：26
当前背包内物品总重量: 13651.8
当前背包内物品总价值: 12418.0
迭代次数：27
当前背包内物品总重量: 13657.8
当前背包内物品总价值: 12422.0
迭代次数：28
当前背包内物品总重量: 13657.8
当前背包内物品总价值: 12422.0
迭代次数：29
当前背包内物品总重量: 13676.3
当前背包内物品总价值: 12438.0
迭代次数：30
当前背包内物品总重量: 13676.3
当前背包内物品总价值: 12438.0
**************************************************************************************************
计算结果最大价值为12438
其中物品总重量为13676.3
具体的选择为
[0, 1, 1, 1, 0, 1, 1, 1, 1, 1, 1, 1, 1, 1, 1, 1, 0, 1, 1, 1, 1, 1, 1, 1, 1, 1, 1, 1, 1, 1, 1, 1, 1, 1, 1, 1, 1, 1, 1, 1, 1, 1, 1, 1, 1, 1, 1, 0, 1, 1, 1, 1, 1, 1, 1, 1, 1, 1, 1, 1, 1, 1, 1, 1, 1, 1, 1, 1, 1, 1, 1, 1, 1, 1, 1, 1, 1, 1, 1, 1, 1, 1, 1, 1, 1, 1, 1, 1, 1, 1, 1, 1, 1, 1, 1, 1, 1, 0, 1, 1, 1, 1, 0, 1, 0, 1, 1, 1, 1, 1, 1, 1, 1, 1, 1, 1, 1, 0, 1, 1, 1, 1, 1, 1, 1, 1, 1, 1, 1, 1, 1, 1, 1, 1, 1, 1, 1, 1, 0, 0, 1, 1, 1, 1, 0, 1, 1, 1, 1, 1, 1, 1, 1, 0, 1, 1, 1, 1, 1, 1, 1, 1, 1, 1, 1, 1, 1, 1, 1, 1, 0, 1, 1, 1, 1, 1, 1, 1, 1, 1, 1, 1, 1, 1, 1, 1, 1, 1, 1, 1, 1, 1, 1, 1, 0, 1, 1, 1, 1, 1, 1, 1, 1, 1, 1, 1, 1, 1, 1, 0, 1, 1, 1, 1, 1, 1, 1, 1, 1, 1, 1, 1, 1, 1, 1, 1, 1, 1, 1, 1, 1, 1, 1, 1, 1, 1, 1, 1, 1, 1, 1, 1, 1, 1, 1, 1, 1, 1, 1, 1, 1, 1, 1, 1, 1, 0, 0, 1, 1, 1, 1, 1, 1, 1, 1, 1, 0, 0, 0, 0, 0, 0, 0, 0, 0, 0, 0, 0, 0, 0, 0, 0, 0, 0, 0, 0, 0, 0, 0, 0, 0, 0, 0, 0, 0, 0, 0, 0, 0, 0, 0, 0, 0, 0, 0, 0, 0, 0, 0, 1, 0, 0, 0, 0, 0, 0, 1, 0, 0, 0, 0, 1, 0, 0, 0, 0, 0, 0, 0, 1, 0, 0, 0, 0, 0, 0, 0, 0, 0, 0, 0, 0, 1, 0, 0, 0, 0, 0, 0, 0, 0, 0, 0, 0, 0, 0, 0, 0, 0, 0, 1, 0, 0, 0, 1, 0, 0, 0, 0, 0, 1, 0, 0, 0, 0, 0, 0, 0, 0, 0, 0, 0, 0, 0, 0, 0, 0, 0, 1, 0, 0, 0, 0, 0, 0, 0, 0, 0, 0, 0, 0, 1, 0, 0, 0, 0, 0, 0, 0, 0, 1, 0, 0, 0, 0, 0, 0, 0, 0, 0, 0, 0, 0, 0, 0, 1, 0, 0, 0, 0, 0, 0, 0, 0, 0, 0, 0, 0, 0, 0, 0, 0, 0, 0, 0, 0, 0, 0, 0, 0, 0, 0, 0, 0, 0, 0, 0, 0, 0, 0, 0, 0, 0, 0, 0, 0, 0, 0, 0, 1, 0, 0, 0, 0, 0, 0, 0, 0, 0, 1, 0, 0, 0, 1, 0, 0, 0, 0, 0, 0, 0, 0, 0, 0, 0, 0, 0, 0, 0, 0, 0, 0, 0, 0, 0, 0, 1, 0, 0, 0, 0, 0, 0, 0, 0, 0, 0, 0, 0, 0, 1, 0, 0, 0, 0, 1, 0, 0, 0, 0, 0, 1, 0, 0, 0, 0, 0]
**************************************************************************************************
-------模拟退火算法结束计算-------
++++++++++++++++++++++++++++++++++++++++++++++++++++++++++++++++++++++++++++++++++++++++++++++++++
++++++++++++++++++++++++++++++++++++++++++++++++++++++++++++++++++++++++++++++++++++++++++++++++++
++++++++++++++++++++++++++++++++++++++++++++++++++++++++++++++++++++++++++++++++++++++++++++++++++
-------回溯算法初始化成功-------
当前最优价格：732.0
当前重量: 803.8
当前最优价格：1161.0
当前重量: 1275.3
当前最优价格：1498.0
当前重量: 1646.2
当前最优价格：1812.0
当前重量: 1990.1
当前最优价格：2119.0
当前重量: 2328.9
当前最优价格：2390.0
当前重量: 2628.0
当前最优价格：2634.0
当前重量: 2895.9
当前最优价格：2876.0
当前重量: 3158.9
当前最优价格：3118.0
当前重量: 3428.8
当前最优价格：3352.0
当前重量: 3685.3
当前最优价格：3595.0
当前重量: 3951.6
当前最优价格：3824.0
当前重量: 4205.3
当前最优价格：4059.0
当前重量: 4463.9
当前最优价格：4285.0
当前重量: 4708.8
当前最优价格：4505.0
当前重量: 4951.8
当前最优价格：4726.0
当前重量: 5197.9
当前最优价格：4948.0
当前重量: 5437.5
当前最优价格：5165.0
当前重量: 5674.7
当前最优价格：5382.0
当前重量: 5914.4
当前最优价格：5598.0
当前重量: 6152.9
当前最优价格：5817.0
当前重量: 6393.4
当前最优价格：6030.0
当前重量: 6629.3
当前最优价格：6242.0
当前重量: 6862.7
当前最优价格：6450.0
当前重量: 7090.7
当前最优价格：6654.0
当前重量: 7316.9
当前最优价格：6859.0
当前重量: 7542.2
当前最优价格：7068.0
当前重量: 7775.0
当前最优价格：7276.0
当前重量: 8002.2
当前最优价格：7474.0
当前重量: 8220.2
当前最优价格：7668.0
当前重量: 8433.4
当前最优价格：7855.0
当前重量: 8638.6
当前最优价格：8038.0
当前重量: 8838.0
当前最优价格：8214.0
当前重量: 9030.4
当前最优价格：8395.0
当前重量: 9231.1
当前最优价格：8572.0
当前重量: 9425.0
当前最优价格：8759.0
当前重量: 9632.7
当前最优价格：8936.0
当前重量: 9827.1
当前最优价格：9114.0
当前重量: 10024.6
当前最优价格：9296.0
当前重量: 10223.3
当前最优价格：9479.0
当前重量: 10423.6
当前最优价格：9655.0
当前重量: 10617.4
当前最优价格：9829.0
当前重量: 10807.7
当前最优价格：9996.0
当前重量: 10991.6
当前最优价格：10165.0
当前重量: 11177.1
当前最优价格：10334.0
当前重量: 11363.6
当前最优价格：10498.0
当前重量: 11543.7
当前最优价格：10654.0
当前重量: 11715.5
当前最优价格：10805.0
当前重量: 11878.2
当前最优价格：10952.0
当前重量: 12040.2
当前最优价格：11100.0
当前重量: 12201.1
当前最优价格：11249.0
当前重量: 12366.0
当前最优价格：11397.0
当前重量: 12529.7
当前最优价格：11547.0
当前重量: 12692.9
当前最优价格：11694.0
当前重量: 12856.2
当前最优价格：11837.0
当前重量: 13011.4
当前最优价格：11980.0
当前重量: 13170.3
当前最优价格：12123.0
当前重量: 13329.0
当前最优价格：12264.0
当前重量: 13482.6
当前最优价格：12402.0
当前重量: 13633.7
**************************************************************************************************
计算结果最大价值为12446
其中物品总重量为0.0
具体的选择为
[0, 0, 0, 0, 0, 0, 0, 0, 0, 0, 0, 0, 0, 0, 0, 0, 0, 0, 0, 0, 0, 0, 0, 0, 0, 0, 0, 0, 0, 0, 0, 0, 0, 0, 0, 0, 0, 0, 0, 0, 0, 0, 0, 0, 0, 0, 0, 0, 0, 0, 0, 0, 0, 0, 0, 0, 0, 0, 0, 0, 0, 0, 0, 0, 0, 0, 0, 0, 0, 0, 0, 0, 0, 0, 0, 0, 0, 0, 0, 0, 0, 0, 0, 0, 0, 0, 0, 0, 0, 0, 0, 0, 0, 0, 0, 0, 0, 0, 0, 0, 0, 0, 0, 0, 0, 0, 0, 0, 0, 0, 0, 0, 0, 0, 0, 0, 0, 0, 0, 0, 0, 0, 0, 0, 0, 0, 0, 0, 0, 0, 0, 0, 0, 0, 0, 0, 0, 0, 0, 0, 0, 0, 0, 0, 0, 0, 0, 0, 0, 0, 0, 0, 0, 0, 0, 0, 0, 0, 0, 0, 0, 0, 0, 0, 0, 0, 0, 0, 0, 0, 0, 0, 0, 0, 0, 0, 0, 0, 0, 0, 0, 0, 0, 0, 0, 0, 0, 0, 0, 0, 0, 0, 0, 0, 0, 0, 0, 0, 0, 0, 0, 0, 0, 0, 0, 0, 0, 0, 0, 0, 0, 0, 0, 0, 0, 0, 0, 0, 0, 0, 0, 0, 0, 0, 0, 0, 0, 0, 0, 0, 0, 0, 0, 0, 0, 0, 0, 0, 0, 0, 0, 0, 0, 0, 0, 0, 0, 0, 0, 0, 0, 0, 0, 0, 0, 0, 0, 0, 0, 0, 0, 0, 0, 0, 0, 0, 0, 0, 0, 0, 0, 0, 0, 0, 0, 0, 0, 0, 0, 0, 0, 0, 0, 0, 0, 0, 0, 0, 0, 0, 0, 0, 0, 0, 0, 0, 0, 0, 0, 0, 0, 0, 0, 0, 0, 0, 0, 0, 0, 0, 0, 0, 0, 0, 0, 0, 0, 0, 0, 0, 0, 0, 0, 0, 0, 0, 0, 0, 0, 0, 0, 0, 0, 0, 0, 0, 0, 0, 0, 0, 0, 0, 0, 0, 0, 0, 0, 0, 0, 0, 0, 0, 0, 0, 0, 0, 0, 0, 0, 0, 0, 0, 0, 0, 0, 0, 0, 0, 0, 0, 0, 0, 0, 0, 0, 0, 0, 0, 0, 0, 0, 0, 0, 0, 0, 0, 0, 0, 0, 0, 0, 0, 0, 0, 0, 0, 0, 0, 0, 0, 0, 0, 0, 0, 0, 0, 0, 0, 0, 0, 0, 0, 0, 0, 0, 0, 0, 0, 0, 0, 0, 0, 0, 0, 0, 0, 0, 0, 0, 0, 0, 0, 0, 0, 0, 0, 0, 0, 0, 0, 0, 0, 0, 0, 0, 0, 0, 0, 0, 0, 0, 0, 0, 0, 0, 0, 0, 0, 0, 0, 0, 0, 0, 0, 0, 0, 0, 0, 0, 0, 0, 0, 0, 0, 0, 0, 0, 0, 0, 0, 0, 0, 0, 0, 0, 0, 0, 0, 0, 0, 0, 0, 0, 0, 0, 0, 0, 0, 0, 0, 0, 0, 0, 0, 0, 0, 0, 0, 0, 0, 0, 0, 0, 0, 0, 0, 0, 0, 0, 0, 0, 0, 0, 0, 0, 0, 0, 0, 0, 0, 0, 0, 0, 0, 0, 0, 0]
**************************************************************************************************
-------回溯算法结束计算-------
++++++++++++++++++++++++++++++++++++++++++++++++++++++++++++++++++++++++++++++++++++++++++++++++++
++++++++++++++++++++++++++++++++++++++++++++++++++++++++++++++++++++++++++++++++++++++++++++++++++
++++++++++++++++++++++++++++++++++++++++++++++++++++++++++++++++++++++++++++++++++++++++++++++++++
-------动态规划算法初始化成功-------
-------动态规划算法开始计算-------
跳跃表 p 的第 537 项是:
[(0, 0)]
跳跃表中间表 q 的第 537 项是:
[(9.7, 9.0)]
跳跃表 p 的第 536 项是:
[(0, 0), (9.7, 9.0)]
跳跃表中间表 q 的第 536 项是:
[(19.9, 18.0), (29.6, 27.0)]
跳跃表 p 的第 535 项是:
[(0, 0), (9.7, 9.0), (19.9, 18.0), (29.6, 27.0)]
跳跃表中间表 q 的第 535 项是:
[(39.1, 36.0), (48.8, 45.0), (59.0, 54.0), (68.7, 63.0)]
跳跃表 p 的第 534 项是:
[(0, 0), (9.7, 9.0), (19.9, 18.0), (29.6, 27.0), (39.1, 36.0), (48.8, 45.0), (59.0, 54.0), (68.7, 63.0)]
跳跃表中间表 q 的第 534 项是:
[(60.1, 55.0), (69.8, 64.0), (80.0, 73.0), (89.7, 82.0), (99.2, 91.0), (108.9, 100.0), (119.1, 109.0), (128.8, 118.0)]
跳跃表 p 的第 533 项是:
[(0, 0), (9.7, 9.0), (19.9, 18.0), (29.6, 27.0), (39.1, 36.0), (48.8, 45.0), (59.0, 54.0), (60.1, 55.0), (68.7, 63.0), (69.8, 64.0), (80.0, 73.0), (89.7, 82.0), (99.2, 91.0), (108.9, 100.0), (119.1, 109.0), (128.8, 118.0)]
跳跃表中间表 q 的第 533 项是:
[(4.7, 5.0), (14.4, 14.0), (24.6, 23.0), (34.3, 32.0), (43.8, 41.0), (53.5, 50.0), (63.7, 59.0), (64.8, 60.0), (73.4, 68.0), (74.5, 69.0), (84.7, 78.0), (94.4, 87.0), (103.9, 96.0), (113.6, 105.0), (123.8, 114.0), (133.5, 123.0)]
跳跃表 p 的第 532 项是:
[(0, 0), (4.7, 5.0), (9.7, 9.0), (14.4, 14.0), (19.9, 18.0), (24.6, 23.0), (29.6, 27.0), (34.3, 32.0), (39.1, 36.0), (43.8, 41.0), (48.8, 45.0), (53.5, 50.0), (59.0, 54.0), (60.1, 55.0), (63.7, 59.0), (64.8, 60.0), (68.7, 63.0), (69.8, 64.0), (73.4, 68.0), (74.5, 69.0), (80.0, 73.0), (84.7, 78.0), (89.7, 82.0), (94.4, 87.0), (99.2, 91.0), (103.9, 96.0), (108.9, 100.0), (113.6, 105.0), (119.1, 109.0), (123.8, 114.0), (128.8, 118.0), (133.5, 123.0)]
跳跃表中间表 q 的第 532 项是:
[(90.2, 82.0), (94.9, 87.0), (99.9, 91.0), (104.6, 96.0), (110.1, 100.0), (114.8, 105.0), (119.8, 109.0), (124.5, 114.0), (129.3, 118.0), (134.0, 123.0), (139.0, 127.0), (143.7, 132.0), (149.2, 136.0), (150.3, 137.0), (153.9, 141.0), (155.0, 142.0), (158.9, 145.0), (160.0, 146.0), (163.6, 150.0), (164.7, 151.0), (170.2, 155.0), (174.9, 160.0), (179.9, 164.0), (184.6, 169.0), (189.4, 173.0), (194.1, 178.0), (199.1, 182.0), (203.8, 187.0), (209.3, 191.0), (214.0, 196.0), (219.0, 200.0), (223.7, 205.0)]
跳跃表 p 的第 531 项是:
[(0, 0), (4.7, 5.0), (9.7, 9.0), (14.4, 14.0), (19.9, 18.0), (24.6, 23.0), (29.6, 27.0), (34.3, 32.0), (39.1, 36.0), (43.8, 41.0), (48.8, 45.0), (53.5, 50.0), (59.0, 54.0), (60.1, 55.0), (63.7, 59.0), (64.8, 60.0), (68.7, 63.0), (69.8, 64.0), (73.4, 68.0), (74.5, 69.0), (80.0, 73.0), (84.7, 78.0), (89.7, 82.0), (94.4, 87.0), (99.2, 91.0), (103.9, 96.0), (108.9, 100.0), (113.6, 105.0), (119.1, 109.0), (123.8, 114.0), (128.8, 118.0), (133.5, 123.0), (139.0, 127.0), (143.7, 132.0), (149.2, 136.0), (150.3, 137.0), (153.9, 141.0), (155.0, 142.0), (158.9, 145.0), (160.0, 146.0), (163.6, 150.0), (164.7, 151.0), (170.2, 155.0), (174.9, 160.0), (179.9, 164.0), (184.6, 169.0), (189.4, 173.0), (194.1, 178.0), (199.1, 182.0), (203.8, 187.0), (209.3, 191.0), (214.0, 196.0), (219.0, 200.0), (223.7, 205.0)]
跳跃表中间表 q 的第 531 项是:
[(67.7, 61.0), (72.4, 66.0), (77.4, 70.0), (82.1, 75.0), (87.6, 79.0), (92.3, 84.0), (97.3, 88.0), (102.0, 93.0), (106.8, 97.0), (111.5, 102.0), (116.5, 106.0), (121.2, 111.0), (126.7, 115.0), (127.8, 116.0), (131.4, 120.0), (132.5, 121.0), (136.4, 124.0), (137.5, 125.0), (141.1, 129.0), (142.2, 130.0), (147.7, 134.0), (152.4, 139.0), (157.4, 143.0), (162.1, 148.0), (166.9, 152.0), (171.6, 157.0), (176.6, 161.0), (181.3, 166.0), (186.8, 170.0), (191.5, 175.0), (196.5, 179.0), (201.2, 184.0), (206.7, 188.0), (211.4, 193.0), (216.9, 197.0), (218.0, 198.0), (221.6, 202.0), (222.7, 203.0), (226.6, 206.0), (227.7, 207.0), (231.3, 211.0), (232.4, 212.0), (237.9, 216.0), (242.6, 221.0), (247.6, 225.0), (252.3, 230.0), (257.1, 234.0), (261.8, 239.0), (266.8, 243.0), (271.5, 248.0), (277.0, 252.0), (281.7, 257.0), (286.7, 261.0), (291.4, 266.0)]
跳跃表 p 的第 530 项是:
[(0, 0), (4.7, 5.0), (9.7, 9.0), (14.4, 14.0), (19.9, 18.0), (24.6, 23.0), (29.6, 27.0), (34.3, 32.0), (39.1, 36.0), (43.8, 41.0), (48.8, 45.0), (53.5, 50.0), (59.0, 54.0), (60.1, 55.0), (63.7, 59.0), (64.8, 60.0), (67.7, 61.0), (68.7, 63.0), (69.8, 64.0), (72.4, 66.0), (73.4, 68.0), (74.5, 69.0), (77.4, 70.0), (80.0, 73.0), (82.1, 75.0), (84.7, 78.0), (87.6, 79.0), (89.7, 82.0), (92.3, 84.0), (94.4, 87.0), (97.3, 88.0), (99.2, 91.0), (102.0, 93.0), (103.9, 96.0), (106.8, 97.0), (108.9, 100.0), (111.5, 102.0), (113.6, 105.0), (116.5, 106.0), (119.1, 109.0), (121.2, 111.0), (123.8, 114.0), (126.7, 115.0), (127.8, 116.0), (128.8, 118.0), (131.4, 120.0), (132.5, 121.0), (133.5, 123.0), (136.4, 124.0), (137.5, 125.0), (139.0, 127.0), (141.1, 129.0), (142.2, 130.0), (143.7, 132.0), (147.7, 134.0), (149.2, 136.0), (150.3, 137.0), (152.4, 139.0), (153.9, 141.0), (155.0, 142.0), (157.4, 143.0), (158.9, 145.0), (160.0, 146.0), (162.1, 148.0), (163.6, 150.0), (164.7, 151.0), (166.9, 152.0), (170.2, 155.0), (171.6, 157.0), (174.9, 160.0), (176.6, 161.0), (179.9, 164.0), (181.3, 166.0), (184.6, 169.0), (186.8, 170.0), (189.4, 173.0), (191.5, 175.0), (194.1, 178.0), (196.5, 179.0), (199.1, 182.0), (201.2, 184.0), (203.8, 187.0), (206.7, 188.0), (209.3, 191.0), (211.4, 193.0), (214.0, 196.0), (216.9, 197.0), (218.0, 198.0), (219.0, 200.0), (221.6, 202.0), (222.7, 203.0), (223.7, 205.0), (226.6, 206.0), (227.7, 207.0), (231.3, 211.0), (232.4, 212.0), (237.9, 216.0), (242.6, 221.0), (247.6, 225.0), (252.3, 230.0), (257.1, 234.0), (261.8, 239.0), (266.8, 243.0), (271.5, 248.0), (277.0, 252.0), (281.7, 257.0), (286.7, 261.0), (291.4, 266.0)]
跳跃表中间表 q 的第 530 项是:
[(22.0, 20.0), (26.7, 25.0), (31.7, 29.0), (36.4, 34.0), (41.9, 38.0), (46.6, 43.0), (51.6, 47.0), (56.3, 52.0), (61.1, 56.0), (65.8, 61.0), (70.8, 65.0), (75.5, 70.0), (81.0, 74.0), (82.1, 75.0), (85.7, 79.0), (86.8, 80.0), (89.7, 81.0), (90.7, 83.0), (91.8, 84.0), (94.4, 86.0), (95.4, 88.0), (96.5, 89.0), (99.4, 90.0), (102.0, 93.0), (104.1, 95.0), (106.7, 98.0), (109.6, 99.0), (111.7, 102.0), (114.3, 104.0), (116.4, 107.0), (119.3, 108.0), (121.2, 111.0), (124.0, 113.0), (125.9, 116.0), (128.8, 117.0), (130.9, 120.0), (133.5, 122.0), (135.6, 125.0), (138.5, 126.0), (141.1, 129.0), (143.2, 131.0), (145.8, 134.0), (148.7, 135.0), (149.8, 136.0), (150.8, 138.0), (153.4, 140.0), (154.5, 141.0), (155.5, 143.0), (158.4, 144.0), (159.5, 145.0), (161.0, 147.0), (163.1, 149.0), (164.2, 150.0), (165.7, 152.0), (169.7, 154.0), (171.2, 156.0), (172.3, 157.0), (174.4, 159.0), (175.9, 161.0), (177.0, 162.0), (179.4, 163.0), (180.9, 165.0), (182.0, 166.0), (184.1, 168.0), (185.6, 170.0), (186.7, 171.0), (188.9, 172.0), (192.2, 175.0), (193.6, 177.0), (196.9, 180.0), (198.6, 181.0), (201.9, 184.0), (203.3, 186.0), (206.6, 189.0), (208.8, 190.0), (211.4, 193.0), (213.5, 195.0), (216.1, 198.0), (218.5, 199.0), (221.1, 202.0), (223.2, 204.0), (225.8, 207.0), (228.7, 208.0), (231.3, 211.0), (233.4, 213.0), (236.0, 216.0), (238.9, 217.0), (240.0, 218.0), (241.0, 220.0), (243.6, 222.0), (244.7, 223.0), (245.7, 225.0), (248.6, 226.0), (249.7, 227.0), (253.3, 231.0), (254.4, 232.0), (259.9, 236.0), (264.6, 241.0), (269.6, 245.0), (274.3, 250.0), (279.1, 254.0), (283.8, 259.0), (288.8, 263.0), (293.5, 268.0), (299.0, 272.0), (303.7, 277.0), (308.7, 281.0), (313.4, 286.0)]
跳跃表 p 的第 529 项是:
[(0, 0), (4.7, 5.0), (9.7, 9.0), (14.4, 14.0), (19.9, 18.0), (22.0, 20.0), (24.6, 23.0), (26.7, 25.0), (29.6, 27.0), (31.7, 29.0), (34.3, 32.0), (36.4, 34.0), (39.1, 36.0), (41.9, 38.0), (43.8, 41.0), (46.6, 43.0), (48.8, 45.0), (51.6, 47.0), (53.5, 50.0), (56.3, 52.0), (59.0, 54.0), (60.1, 55.0), (61.1, 56.0), (63.7, 59.0), (64.8, 60.0), (65.8, 61.0), (68.7, 63.0), (69.8, 64.0), (70.8, 65.0), (72.4, 66.0), (73.4, 68.0), (74.5, 69.0), (75.5, 70.0), (80.0, 73.0), (81.0, 74.0), (82.1, 75.0), (84.7, 78.0), (85.7, 79.0), (86.8, 80.0), (89.7, 81.0), (90.7, 83.0), (91.8, 84.0), (94.4, 86.0), (95.4, 88.0), (96.5, 89.0), (99.2, 91.0), (102.0, 93.0), (103.9, 96.0), (106.7, 98.0), (108.9, 100.0), (111.5, 102.0), (113.6, 105.0), (116.4, 107.0), (119.1, 109.0), (121.2, 111.0), (123.8, 114.0), (125.9, 116.0), (128.8, 117.0), (130.9, 120.0), (132.5, 121.0), (133.5, 122.0), (135.6, 125.0), (138.5, 126.0), (139.0, 127.0), (141.1, 129.0), (142.2, 130.0), (143.2, 131.0), (143.7, 132.0), (145.8, 134.0), (148.7, 135.0), (149.2, 136.0), (150.3, 137.0), (150.8, 138.0), (152.4, 139.0), (153.4, 140.0), (153.9, 141.0), (155.0, 142.0), (155.5, 143.0), (158.4, 144.0), (158.9, 145.0), (160.0, 146.0), (161.0, 147.0), (162.1, 148.0), (163.1, 149.0), (163.6, 150.0), (164.7, 151.0), (165.7, 152.0), (169.7, 154.0), (170.2, 155.0), (171.2, 156.0), (171.6, 157.0), (174.4, 159.0), (174.9, 160.0), (175.9, 161.0), (177.0, 162.0), (179.4, 163.0), (179.9, 164.0), (180.9, 165.0), (181.3, 166.0), (184.1, 168.0), (184.6, 169.0), (185.6, 170.0), (186.7, 171.0), (188.9, 172.0), (189.4, 173.0), (191.5, 175.0), (193.6, 177.0), (194.1, 178.0), (196.5, 179.0), (196.9, 180.0), (198.6, 181.0), (199.1, 182.0), (201.2, 184.0), (203.3, 186.0), (203.8, 187.0), (206.6, 189.0), (208.8, 190.0), (209.3, 191.0), (211.4, 193.0), (213.5, 195.0), (214.0, 196.0), (216.1, 198.0), (218.5, 199.0), (219.0, 200.0), (221.1, 202.0), (222.7, 203.0), (223.2, 204.0), (223.7, 205.0), (225.8, 207.0), (228.7, 208.0), (231.3, 211.0), (232.4, 212.0), (233.4, 213.0), (236.0, 216.0), (238.9, 217.0), (240.0, 218.0), (241.0, 220.0), (242.6, 221.0), (243.6, 222.0), (244.7, 223.0), (245.7, 225.0), (248.6, 226.0), (249.7, 227.0), (252.3, 230.0), (253.3, 231.0), (254.4, 232.0), (257.1, 234.0), (259.9, 236.0), (261.8, 239.0), (264.6, 241.0), (266.8, 243.0), (269.6, 245.0), (271.5, 248.0), (274.3, 250.0), (277.0, 252.0), (279.1, 254.0), (281.7, 257.0), (283.8, 259.0), (286.7, 261.0), (288.8, 263.0), (291.4, 266.0), (293.5, 268.0), (299.0, 272.0), (303.7, 277.0), (308.7, 281.0), (313.4, 286.0)]
跳跃表中间表 q 的第 529 项是:
[(61.2, 56.0), (65.9, 61.0), (70.9, 65.0), (75.6, 70.0), (81.1, 74.0), (83.2, 76.0), (85.8, 79.0), (87.9, 81.0), (90.8, 83.0), (92.9, 85.0), (95.5, 88.0), (97.6, 90.0), (100.3, 92.0), (103.1, 94.0), (105.0, 97.0), (107.8, 99.0), (110.0, 101.0), (112.8, 103.0), (114.7, 106.0), (117.5, 108.0), (120.2, 110.0), (121.3, 111.0), (122.3, 112.0), (124.9, 115.0), (126.0, 116.0), (127.0, 117.0), (129.9, 119.0), (131.0, 120.0), (132.0, 121.0), (133.6, 122.0), (134.6, 124.0), (135.7, 125.0), (136.7, 126.0), (141.2, 129.0), (142.2, 130.0), (143.3, 131.0), (145.9, 134.0), (146.9, 135.0), (148.0, 136.0), (150.9, 137.0), (151.9, 139.0), (153.0, 140.0), (155.6, 142.0), (156.6, 144.0), (157.7, 145.0), (160.4, 147.0), (163.2, 149.0), (165.1, 152.0), (167.9, 154.0), (170.1, 156.0), (172.7, 158.0), (174.8, 161.0), (177.6, 163.0), (180.3, 165.0), (182.4, 167.0), (185.0, 170.0), (187.1, 172.0), (190.0, 173.0), (192.1, 176.0), (193.7, 177.0), (194.7, 178.0), (196.8, 181.0), (199.7, 182.0), (200.2, 183.0), (202.3, 185.0), (203.4, 186.0), (204.4, 187.0), (204.9, 188.0), (207.0, 190.0), (209.9, 191.0), (210.4, 192.0), (211.5, 193.0), (212.0, 194.0), (213.6, 195.0), (214.6, 196.0), (215.1, 197.0), (216.2, 198.0), (216.7, 199.0), (219.6, 200.0), (220.1, 201.0), (221.2, 202.0), (222.2, 203.0), (223.3, 204.0), (224.3, 205.0), (224.8, 206.0), (225.9, 207.0), (226.9, 208.0), (230.9, 210.0), (231.4, 211.0), (232.4, 212.0), (232.8, 213.0), (235.6, 215.0), (236.1, 216.0), (237.1, 217.0), (238.2, 218.0), (240.6, 219.0), (241.1, 220.0), (242.1, 221.0), (242.5, 222.0), (245.3, 224.0), (245.8, 225.0), (246.8, 226.0), (247.9, 227.0), (250.1, 228.0), (250.6, 229.0), (252.7, 231.0), (254.8, 233.0), (255.3, 234.0), (257.7, 235.0), (258.1, 236.0), (259.8, 237.0), (260.3, 238.0), (262.4, 240.0), (264.5, 242.0), (265.0, 243.0), (267.8, 245.0), (270.0, 246.0), (270.5, 247.0), (272.6, 249.0), (274.7, 251.0), (275.2, 252.0), (277.3, 254.0), (279.7, 255.0), (280.2, 256.0), (282.3, 258.0), (283.9, 259.0), (284.4, 260.0), (284.9, 261.0), (287.0, 263.0), (289.9, 264.0), (292.5, 267.0), (293.6, 268.0), (294.6, 269.0), (297.2, 272.0), (300.1, 273.0), (301.2, 274.0), (302.2, 276.0), (303.8, 277.0), (304.8, 278.0), (305.9, 279.0), (306.9, 281.0), (309.8, 282.0), (310.9, 283.0), (313.5, 286.0), (314.5, 287.0), (315.6, 288.0), (318.3, 290.0), (321.1, 292.0), (323.0, 295.0), (325.8, 297.0), (328.0, 299.0), (330.8, 301.0), (332.7, 304.0), (335.5, 306.0), (338.2, 308.0), (340.3, 310.0), (342.9, 313.0), (345.0, 315.0), (347.9, 317.0), (350.0, 319.0), (352.6, 322.0), (354.7, 324.0), (360.2, 328.0), (364.9, 333.0), (369.9, 337.0), (374.6, 342.0)]
跳跃表 p 的第 528 项是:
[(0, 0), (4.7, 5.0), (9.7, 9.0), (14.4, 14.0), (19.9, 18.0), (22.0, 20.0), (24.6, 23.0), (26.7, 25.0), (29.6, 27.0), (31.7, 29.0), (34.3, 32.0), (36.4, 34.0), (39.1, 36.0), (41.9, 38.0), (43.8, 41.0), (46.6, 43.0), (48.8, 45.0), (51.6, 47.0), (53.5, 50.0), (56.3, 52.0), (59.0, 54.0), (60.1, 55.0), (61.1, 56.0), (63.7, 59.0), (64.8, 60.0), (65.8, 61.0), (68.7, 63.0), (69.8, 64.0), (70.8, 65.0), (72.4, 66.0), (73.4, 68.0), (74.5, 69.0), (75.5, 70.0), (80.0, 73.0), (81.0, 74.0), (82.1, 75.0), (83.2, 76.0), (84.7, 78.0), (85.7, 79.0), (86.8, 80.0), (87.9, 81.0), (90.7, 83.0), (91.8, 84.0), (92.9, 85.0), (94.4, 86.0), (95.4, 88.0), (96.5, 89.0), (97.6, 90.0), (99.2, 91.0), (100.3, 92.0), (102.0, 93.0), (103.1, 94.0), (103.9, 96.0), (105.0, 97.0), (106.7, 98.0), (107.8, 99.0), (108.9, 100.0), (110.0, 101.0), (111.5, 102.0), (112.8, 103.0), (113.6, 105.0), (114.7, 106.0), (116.4, 107.0), (117.5, 108.0), (119.1, 109.0), (120.2, 110.0), (121.2, 111.0), (122.3, 112.0), (123.8, 114.0), (124.9, 115.0), (125.9, 116.0), (127.0, 117.0), (129.9, 119.0), (130.9, 120.0), (132.0, 121.0), (133.5, 122.0), (134.6, 124.0), (135.6, 125.0), (136.7, 126.0), (139.0, 127.0), (141.1, 129.0), (142.2, 130.0), (143.2, 131.0), (143.7, 132.0), (145.8, 134.0), (146.9, 135.0), (148.0, 136.0), (150.3, 137.0), (150.8, 138.0), (151.9, 139.0), (153.0, 140.0), (153.9, 141.0), (155.0, 142.0), (155.5, 143.0), (156.6, 144.0), (157.7, 145.0), (160.0, 146.0), (160.4, 147.0), (162.1, 148.0), (163.1, 149.0), (163.6, 150.0), (164.7, 151.0), (165.1, 152.0), (167.9, 154.0), (170.1, 156.0), (171.6, 157.0), (172.7, 158.0), (174.4, 159.0), (174.8, 161.0), (177.0, 162.0), (177.6, 163.0), (179.9, 164.0), (180.3, 165.0), (181.3, 166.0), (182.4, 167.0), (184.1, 168.0), (184.6, 169.0), (185.0, 170.0), (186.7, 171.0), (187.1, 172.0), (189.4, 173.0), (191.5, 175.0), (192.1, 176.0), (193.6, 177.0), (194.1, 178.0), (196.5, 179.0), (196.8, 181.0), (199.1, 182.0), (200.2, 183.0), (201.2, 184.0), (202.3, 185.0), (203.3, 186.0), (203.8, 187.0), (204.9, 188.0), (206.6, 189.0), (207.0, 190.0), (209.3, 191.0), (210.4, 192.0), (211.4, 193.0), (212.0, 194.0), (213.5, 195.0), (214.0, 196.0), (215.1, 197.0), (216.1, 198.0), (216.7, 199.0), (219.0, 200.0), (220.1, 201.0), (221.1, 202.0), (222.2, 203.0), (223.2, 204.0), (223.7, 205.0), (224.8, 206.0), (225.8, 207.0), (226.9, 208.0), (230.9, 210.0), (231.3, 211.0), (232.4, 212.0), (232.8, 213.0), (235.6, 215.0), (236.0, 216.0), (237.1, 217.0), (238.2, 218.0), (240.6, 219.0), (241.0, 220.0), (242.1, 221.0), (242.5, 222.0), (244.7, 223.0), (245.3, 224.0), (245.7, 225.0), (246.8, 226.0), (247.9, 227.0), (250.1, 228.0), (250.6, 229.0), (252.3, 230.0), (252.7, 231.0), (254.4, 232.0), (254.8, 233.0), (255.3, 234.0), (257.7, 235.0), (258.1, 236.0), (259.8, 237.0), (260.3, 238.0), (261.8, 239.0), (262.4, 240.0), (264.5, 242.0), (265.0, 243.0), (267.8, 245.0), (270.0, 246.0), (270.5, 247.0), (271.5, 248.0), (272.6, 249.0), (274.3, 250.0), (274.7, 251.0), (275.2, 252.0), (277.3, 254.0), (279.7, 255.0), (280.2, 256.0), (281.7, 257.0), (282.3, 258.0), (283.8, 259.0), (284.4, 260.0), (284.9, 261.0), (287.0, 263.0), (289.9, 264.0), (291.4, 266.0), (292.5, 267.0), (293.5, 268.0), (294.6, 269.0), (297.2, 272.0), (300.1, 273.0), (301.2, 274.0), (302.2, 276.0), (303.7, 277.0), (304.8, 278.0), (305.9, 279.0), (306.9, 281.0), (309.8, 282.0), (310.9, 283.0), (313.4, 286.0), (314.5, 287.0), (315.6, 288.0), (318.3, 290.0), (321.1, 292.0), (323.0, 295.0), (325.8, 297.0), (328.0, 299.0), (330.8, 301.0), (332.7, 304.0), (335.5, 306.0), (338.2, 308.0), (340.3, 310.0), (342.9, 313.0), (345.0, 315.0), (347.9, 317.0), (350.0, 319.0), (352.6, 322.0), (354.7, 324.0), (360.2, 328.0), (364.9, 333.0), (369.9, 337.0), (374.6, 342.0)]
**************************************************************************************************
计算结果最大价值为12542
其中物品总重量为13694.4
具体的选择为
[1, 1, 0, 1, 0, 0, 1, 1, 1, 0, 0, 1, 0, 1, 1, 1, 1, 1, 0, 1, 0, 0, 1, 0, 0, 0, 1, 1, 0, 0, 1, 1, 1, 1, 1, 0, 0, 0, 1, 1, 1, 1, 1, 1, 0, 0, 1, 1, 1, 0, 1, 0, 0, 1, 1, 1, 0, 1, 0, 1, 0, 0, 1, 0, 1, 1, 1, 1, 0, 1, 1, 0, 0, 1, 0, 1, 0, 1, 1, 1, 1, 1, 0, 1, 0, 0, 0, 0, 1, 1, 1, 0, 0, 1, 0, 1, 0, 1, 0, 0, 0, 0, 1, 0, 1, 1, 0, 1, 1, 1, 0, 1, 1, 1, 1, 1, 1, 1, 1, 1, 0, 0, 1, 1, 0, 1, 1, 0, 1, 1, 1, 1, 1, 1, 1, 1, 1, 0, 1, 1, 1, 1, 0, 1, 1, 1, 0, 1, 1, 0, 1, 1, 0, 1, 1, 0, 0, 0, 1, 0, 1, 0, 1, 0, 0, 0, 1, 1, 1, 1, 1, 1, 1, 1, 1, 1, 1, 1, 0, 0, 1, 1, 1, 1, 0, 1, 0, 1, 1, 0, 0, 1, 1, 0, 0, 1, 1, 1, 1, 1, 1, 1, 1, 0, 1, 1, 1, 0, 1, 1, 0, 1, 0, 0, 0, 1, 1, 1, 1, 1, 1, 0, 1, 0, 1, 1, 1, 1, 0, 1, 1, 0, 0, 1, 1, 1, 0, 1, 0, 1, 0, 0, 0, 0, 1, 0, 0, 1, 1, 1, 0, 1, 0, 1, 0, 0, 1, 0, 1, 1, 1, 0, 1, 1, 0, 1, 1, 0, 1, 1, 1, 1, 0, 0, 1, 1, 0, 1, 1, 0, 0, 1, 1, 0, 1, 1, 1, 0, 0, 0, 1, 1, 0, 0, 0, 1, 1, 1, 1, 0, 1, 1, 1, 1, 1, 1, 0, 1, 1, 1, 1, 1, 1, 1, 1, 0, 0, 1, 1, 0, 0, 1, 1, 1, 0, 0, 1, 1, 1, 1, 1, 1, 1, 1, 1, 1, 0, 1, 1, 1, 1, 1, 1, 0, 0, 0, 1, 0, 1, 0, 0, 1, 1, 0, 0, 0, 0, 1, 1, 1, 1, 1, 1, 0, 1, 1, 1, 0, 1, 1, 1, 1, 0, 1, 1, 1, 1, 1, 0, 0, 1, 1, 1, 1, 0, 1, 1, 0, 0, 0, 0, 0, 0, 1, 0, 1, 0, 0, 1, 0, 0, 1, 0, 1, 0, 0, 1, 1, 1, 0, 1, 1, 0, 1, 0, 1, 0, 1, 1, 1, 0, 0, 1, 1, 1, 1, 0, 1, 1, 1, 1, 0, 1, 0, 1, 0, 0, 1, 1, 0, 1, 1, 1, 0, 1, 0, 1, 1, 1, 0, 1, 0, 1, 0, 1, 1, 1, 0, 1, 0, 0, 1, 1, 0, 0, 1, 0, 0, 0, 0, 0, 1, 1, 1, 0, 1, 0, 1, 1, 1, 0, 0, 1, 1, 1, 1, 0, 1, 1, 0, 1, 1, 1, 0, 0, 1, 0, 1, 1, 1, 1, 1, 1, 0, 0, 0, 1, 1, 1, 0, 1, 0, 0, 0, 1, 0, 1, 1, 1, 1, 0, 1, 1, 0, 1, 1, 1, 1, 1, 1, 0, 1, 1, 1, 1, 0, 1]
**************************************************************************************************
-------动态规划算法结束计算-------
++++++++++++++++++++++++++++++++++++++++++++++++++++++++++++++++++++++++++++++++++++++++++++++++++
迭代次数：1
当前背包内物品总重量: 1.3
当前背包内物品总价值: 2.0
迭代次数：2
当前背包内物品总重量: 2.6
当前背包内物品总价值: 4.0
迭代次数：3
当前背包内物品总重量: 4.0
当前背包内物品总价值: 6.0
迭代次数：4
当前背包内物品总重量: 5.4
当前背包内物品总价值: 8.0
迭代次数：5
当前背包内物品总重量: 6.8
当前背包内物品总价值: 10.0
迭代次数：6
当前背包内物品总重量: 9.1
当前背包内物品总价值: 13.0
迭代次数：7
当前背包内物品总重量: 11.5
当前背包内物品总价值: 16.0
迭代次数：8
当前背包内物品总重量: 13.2
当前背包内物品总价值: 18.0
迭代次数：9
当前背包内物品总重量: 15.8
当前背包内物品总价值: 21.0
迭代次数：10
当前背包内物品总重量: 18.4
当前背包内物品总价值: 24.0
迭代次数：11
当前背包内物品总重量: 21.9
当前背包内物品总价值: 28.0
迭代次数：12
当前背包内物品总重量: 26.4
当前背包内物品总价值: 33.0
迭代次数：13
当前背包内物品总重量: 30.0
当前背包内物品总价值: 37.0
迭代次数：14
当前背包内物品总重量: 32.7
当前背包内物品总价值: 40.0
迭代次数：15
当前背包内物品总重量: 37.3
当前背包内物品总价值: 45.0
迭代次数：16
当前背包内物品总重量: 41.0
当前背包内物品总价值: 49.0
迭代次数：17
当前背包内物品总重量: 46.6
当前背包内物品总价值: 55.0
迭代次数：18
当前背包内物品总重量: 49.4
当前背包内物品总价值: 58.0
迭代次数：19
当前背包内物品总重量: 52.2
当前背包内物品总价值: 61.0
迭代次数：20
当前背包内物品总重量: 56.9
当前背包内物品总价值: 66.0
迭代次数：21
当前背包内物品总重量: 61.6
当前背包内物品总价值: 71.0
迭代次数：22
当前背包内物品总重量: 66.3
当前背包内物品总价值: 76.0
迭代次数：23
当前背包内物品总重量: 71.0
当前背包内物品总价值: 81.0
迭代次数：24
当前背包内物品总重量: 75.8
当前背包内物品总价值: 86.0
迭代次数：25
当前背包内物品总重量: 80.6
当前背包内物品总价值: 91.0
迭代次数：26
当前背包内物品总重量: 85.4
当前背包内物品总价值: 96.0
迭代次数：27
当前背包内物品总重量: 92.2
当前背包内物品总价值: 103.0
迭代次数：28
当前背包内物品总重量: 99.0
当前背包内物品总价值: 110.0
迭代次数：29
当前背包内物品总重量: 105.8
当前背包内物品总价值: 117.0
迭代次数：30
当前背包内物品总重量: 111.7
当前背包内物品总价值: 123.0
迭代次数：31
当前背包内物品总重量: 117.6
当前背包内物品总价值: 129.0
迭代次数：32
当前背包内物品总重量: 123.5
当前背包内物品总价值: 135.0
迭代次数：33
当前背包内物品总重量: 132.4
当前背包内物品总价值: 144.0
迭代次数：34
当前背包内物品总重量: 141.4
当前背包内物品总价值: 153.0
迭代次数：35
当前背包内物品总重量: 149.4
当前背包内物品总价值: 161.0
迭代次数：36
当前背包内物品总重量: 156.4
当前背包内物品总价值: 168.0
迭代次数：37
当前背包内物品总重量: 158.4
当前背包内物品总价值: 170.0
迭代次数：38
当前背包内物品总重量: 166.5
当前背包内物品总价值: 178.0
迭代次数：39
当前背包内物品总重量: 173.6
当前背包内物品总价值: 185.0
迭代次数：40
当前背包内物品总重量: 184.8
当前背包内物品总价值: 196.0
迭代次数：41
当前背包内物品总重量: 195.0
当前背包内物品总价值: 206.0
迭代次数：42
当前背包内物品总重量: 200.1
当前背包内物品总价值: 211.0
迭代次数：43
当前背包内物品总重量: 209.3
当前背包内物品总价值: 220.0
迭代次数：44
当前背包内物品总重量: 217.5
当前背包内物品总价值: 228.0
迭代次数：45
当前背包内物品总重量: 225.7
当前背包内物品总价值: 236.0
迭代次数：46
当前背包内物品总重量: 238.0
当前背包内物品总价值: 248.0
迭代次数：47
当前背包内物品总重量: 248.3
当前背包内物品总价值: 258.0
迭代次数：48
当前背包内物品总重量: 260.7
当前背包内物品总价值: 270.0
迭代次数：49
当前背包内物品总重量: 270.0
当前背包内物品总价值: 279.0
迭代次数：50
当前背包内物品总重量: 284.5
当前背包内物品总价值: 293.0
迭代次数：51
当前背包内物品总重量: 295.9
当前背包内物品总价值: 304.0
迭代次数：52
当前背包内物品总重量: 311.5
当前背包内物品总价值: 319.0
迭代次数：53
当前背包内物品总重量: 316.7
当前背包内物品总价值: 324.0
迭代次数：54
当前背包内物品总重量: 331.3
当前背包内物品总价值: 338.0
迭代次数：55
当前背包内物品总重量: 340.7
当前背包内物品总价值: 347.0
迭代次数：56
当前背包内物品总重量: 355.4
当前背包内物品总价值: 361.0
迭代次数：57
当前背包内物品总重量: 365.9
当前背包内物品总价值: 371.0
迭代次数：58
当前背包内物品总重量: 381.7
当前背包内物品总价值: 386.0
迭代次数：59
当前背包内物品总重量: 398.6
当前背包内物品总价值: 402.0
迭代次数：60
当前背包内物品总重量: 406.0
当前背包内物品总价值: 409.0
迭代次数：61
当前背包内物品总重量: 426.1
当前背包内物品总价值: 428.0
迭代次数：62
当前背包内物品总重量: 446.2
当前背包内物品总价值: 447.0
迭代次数：63
当前背包内物品总重量: 467.4
当前背包内物品总价值: 467.0
迭代次数：64
当前背包内物品总重量: 483.3
当前背包内物品总价值: 482.0
迭代次数：65
当前背包内物品总重量: 493.9
当前背包内物品总价值: 492.0
迭代次数：66
当前背包内物品总重量: 507.7
当前背包内物品总价值: 505.0
迭代次数：67
当前背包内物品总重量: 527.9
当前背包内物品总价值: 524.0
迭代次数：68
当前背包内物品总重量: 548.1
当前背包内物品总价值: 543.0
迭代次数：69
当前背包内物品总重量: 563.0
当前背包内物品总价值: 557.0
迭代次数：70
当前背包内物品总重量: 577.9
当前背包内物品总价值: 571.0
迭代次数：71
当前背包内物品总重量: 592.8
当前背包内物品总价值: 585.0
迭代次数：72
当前背包内物品总重量: 617.3
当前背包内物品总价值: 608.0
迭代次数：73
当前背包内物品总重量: 639.7
当前背包内物品总价值: 629.0
迭代次数：74
当前背包内物品总重量: 658.9
当前背包内物品总价值: 647.0
迭代次数：75
当前背包内物品总重量: 665.3
当前背包内物品总价值: 653.0
迭代次数：76
当前背包内物品总重量: 668.5
当前背包内物品总价值: 656.0
迭代次数：77
当前背包内物品总重量: 692.0
当前背包内物品总价值: 678.0
迭代次数：78
当前背包内物品总重量: 705.9
当前背包内物品总价值: 691.0
迭代次数：79
当前背包内物品总重量: 730.5
当前背包内物品总价值: 714.0
迭代次数：80
当前背包内物品总重量: 748.7
当前背包内物品总价值: 731.0
迭代次数：81
当前背包内物品总重量: 774.4
当前背包内物品总价值: 755.0
迭代次数：82
当前背包内物品总重量: 781.9
当前背包内物品总价值: 762.0
迭代次数：83
当前背包内物品总重量: 808.7
当前背包内物品总价值: 787.0
迭代次数：84
当前背包内物品总重量: 830.2
当前背包内物品总价值: 807.0
迭代次数：85
当前背包内物品总重量: 847.4
当前背包内物品总价值: 823.0
迭代次数：86
当前背包内物品总重量: 856.0
当前背包内物品总价值: 831.0
迭代次数：87
当前背包内物品总重量: 882.9
当前背包内物品总价值: 856.0
迭代次数：88
当前背包内物品总重量: 909.8
当前背包内物品总价值: 881.0
迭代次数：89
当前背包内物品总重量: 936.7
当前背包内物品总价值: 906.0
迭代次数：90
当前背包内物品总重量: 959.3
当前背包内物品总价值: 927.0
迭代次数：91
当前背包内物品总重量: 981.9
当前背包内物品总价值: 948.0
迭代次数：92
当前背包内物品总重量: 1014.2
当前背包内物品总价值: 978.0
迭代次数：93
当前背包内物品总重量: 1028.2
当前背包内物品总价值: 991.0
迭代次数：94
当前背包内物品总重量: 1047.6
当前背包内物品总价值: 1009.0
迭代次数：95
当前背包内物品总重量: 1057.3
当前背包内物品总价值: 1018.0
迭代次数：96
当前背包内物品总重量: 1086.4
当前背包内物品总价值: 1045.0
迭代次数：97
当前背包内物品总重量: 1115.5
当前背包内物品总价值: 1072.0
迭代次数：98
当前背包内物品总重量: 1150.0
当前背包内物品总价值: 1104.0
迭代次数：99
当前背包内物品总重量: 1185.6
当前背包内物品总价值: 1137.0
迭代次数：100
当前背包内物品总重量: 1222.3
当前背包内物品总价值: 1171.0
迭代次数：101
当前背包内物品总重量: 1245.0
当前背包内物品总价值: 1192.0
迭代次数：102
当前背包内物品总重量: 1279.6
当前背包内物品总价值: 1224.0
迭代次数：103
当前背包内物品总重量: 1296.9
当前背包内物品总价值: 1240.0
迭代次数：104
当前背包内物品总重量: 1314.2
当前背包内物品总价值: 1256.0
迭代次数：105
当前背包内物品总重量: 1349.9
当前背包内物品总价值: 1289.0
迭代次数：106
当前背包内物品总重量: 1380.2
当前背包内物品总价值: 1317.0
迭代次数：107
当前背包内物品总重量: 1398.6
当前背包内物品总价值: 1334.0
迭代次数：108
当前背包内物品总重量: 1423.5
当前背包内物品总价值: 1357.0
迭代次数：109
当前背包内物品总重量: 1454.9
当前背包内物品总价值: 1386.0
迭代次数：110
当前背包内物品总重量: 1492.8
当前背包内物品总价值: 1421.0
迭代次数：111
当前背包内物品总重量: 1518.8
当前背包内物品总价值: 1445.0
迭代次数：112
当前背包内物品总重量: 1538.3
当前背包内物品总价值: 1463.0
迭代次数：113
当前背包内物品总重量: 1544.8
当前背包内物品总价值: 1469.0
迭代次数：114
当前背包内物品总重量: 1578.4
当前背包内物品总价值: 1500.0
迭代次数：115
当前背包内物品总重量: 1606.6
当前背包内物品总价值: 1526.0
迭代次数：116
当前背包内物品总重量: 1650.0
当前背包内物品总价值: 1566.0
迭代次数：117
当前背包内物品总重量: 1671.7
当前背包内物品总价值: 1586.0
迭代次数：118
当前背包内物品总重量: 1702.1
当前背包内物品总价值: 1614.0
迭代次数：119
当前背包内物品总重量: 1717.3
当前背包内物品总价值: 1628.0
迭代次数：120
当前背包内物品总重量: 1762.9
当前背包内物品总价值: 1670.0
迭代次数：121
当前背包内物品总重量: 1808.5
当前背包内物品总价值: 1712.0
迭代次数：122
当前背包内物品总重量: 1831.3
当前背包内物品总价值: 1733.0
迭代次数：123
当前背包内物品总重量: 1878.0
当前背包内物品总价值: 1776.0
迭代次数：124
当前背包内物品总重量: 1917.1
当前背包内物品总价值: 1812.0
迭代次数：125
当前背包内物品总重量: 1941.0
当前背包内物品总价值: 1834.0
迭代次数：126
当前背包内物品总重量: 1964.9
当前背包内物品总价值: 1856.0
迭代次数：127
当前背包内物品总重量: 1981.2
当前背包内物品总价值: 1871.0
迭代次数：128
当前背包内物品总重量: 2006.2
当前背包内物品总价值: 1894.0
迭代次数：129
当前背包内物品总重量: 2031.2
当前背包内物品总价值: 1917.0
迭代次数：130
当前背包内物品总重量: 2073.6
当前背包内物品总价值: 1956.0
迭代次数：131
当前背包内物品总重量: 2116.0
当前背包内物品总价值: 1995.0
迭代次数：132
当前背包内物品总重量: 2133.4
当前背包内物品总价值: 2011.0
迭代次数：133
当前背包内物品总重量: 2160.6
当前背包内物品总价值: 2036.0
迭代次数：134
当前背包内物品总重量: 2197.6
当前背包内物品总价值: 2070.0
迭代次数：135
当前背包内物品总重量: 2234.6
当前背包内物品总价值: 2104.0
迭代次数：136
当前背包内物品总重量: 2264.0
当前背包内物品总价值: 2131.0
迭代次数：137
当前背包内物品总重量: 2293.4
当前背包内物品总价值: 2158.0
迭代次数：138
当前背包内物品总重量: 2344.6
当前背包内物品总价值: 2205.0
迭代次数：139
当前背包内物品总重量: 2365.3
当前背包内物品总价值: 2224.0
迭代次数：140
当前背包内物品总重量: 2387.1
当前背包内物品总价值: 2244.0
迭代次数：141
当前背包内物品总重量: 2398.0
当前背包内物品总价值: 2254.0
迭代次数：142
当前背包内物品总重量: 2453.6
当前背包内物品总价值: 2305.0
迭代次数：143
当前背包内物品总重量: 2499.4
当前背包内物品总价值: 2347.0
迭代次数：144
当前背包内物品总重量: 2535.4
当前背包内物品总价值: 2380.0
迭代次数：145
当前背包内物品总重量: 2559.4
当前背包内物品总价值: 2402.0
迭代次数：146
当前背包内物品总重量: 2583.4
当前背包内物品总价值: 2424.0
迭代次数：147
当前背包内物品总重量: 2620.5
当前背包内物品总价值: 2458.0
迭代次数：148
当前背包内物品总重量: 2657.6
当前背包内物品总价值: 2492.0
迭代次数：149
当前背包内物品总重量: 2694.7
当前背包内物品总价值: 2526.0
迭代次数：150
当前背包内物品总重量: 2744.9
当前背包内物品总价值: 2572.0
迭代次数：151
当前背包内物品总重量: 2770.0
当前背包内物品总价值: 2595.0
迭代次数：152
当前背包内物品总重量: 2808.2
当前背包内物品总价值: 2630.0
迭代次数：153
当前背包内物品总重量: 2859.5
当前背包内物品总价值: 2677.0
迭代次数：154
当前背包内物品总重量: 2898.8
当前背包内物品总价值: 2713.0
迭代次数：155
当前背包内物品总重量: 2951.2
当前背包内物品总价值: 2761.0
迭代次数：156
当前背包内物品总重量: 2977.4
当前背包内物品总价值: 2785.0
迭代次数：157
当前背包内物品总重量: 3004.7
当前背包内物品总价值: 2810.0
迭代次数：158
当前背包内物品总重量: 3046.2
当前背包内物品总价值: 2848.0
迭代次数：159
当前背包内物品总重量: 3074.6
当前背包内物品总价值: 2874.0
迭代次数：160
当前背包内物品总重量: 3103.0
当前背包内物品总价值: 2900.0
迭代次数：161
当前背包内物品总重量: 3117.2
当前背包内物品总价值: 2913.0
迭代次数：162
当前背包内物品总重量: 3176.2
当前背包内物品总价值: 2967.0
迭代次数：163
当前背包内物品总重量: 3205.7
当前背包内物品总价值: 2994.0
迭代次数：164
当前背包内物品总重量: 3235.2
当前背包内物品总价值: 3021.0
迭代次数：165
当前背包内物品总重量: 3264.7
当前背包内物品总价值: 3048.0
迭代次数：166
当前背包内物品总重量: 3324.8
当前背包内物品总价值: 3103.0
迭代次数：167
当前背包内物品总重量: 3384.9
当前背包内物品总价值: 3158.0
迭代次数：168
当前背包内物品总重量: 3445.0
当前背包内物品总价值: 3213.0
迭代次数：169
当前背包内物品总重量: 3505.1
当前背包内物品总价值: 3268.0
迭代次数：170
当前背包内物品总重量: 3566.3
当前背包内物品总价值: 3324.0
迭代次数：171
当前背包内物品总重量: 3613.3
当前背包内物品总价值: 3367.0
迭代次数：172
当前背包内物品总重量: 3661.4
当前背包内物品总价值: 3411.0
迭代次数：173
当前背包内物品总重量: 3727.0
当前背包内物品总价值: 3471.0
迭代次数：174
当前背包内物品总重量: 3759.8
当前背包内物品总价值: 3501.0
迭代次数：175
当前背包内物品总重量: 3815.6
当前背包内物品总价值: 3552.0
迭代次数：176
当前背包内物品总重量: 3872.5
当前背包内物品总价值: 3604.0
迭代次数：177
当前背包内物品总重量: 3931.6
当前背包内物品总价值: 3658.0
迭代次数：178
当前背包内物品总重量: 3991.8
当前背包内物品总价值: 3713.0
迭代次数：179
当前背包内物品总重量: 4032.3
当前背包内物品总价值: 3750.0
迭代次数：180
当前背包内物品总重量: 4093.6
当前背包内物品总价值: 3806.0
迭代次数：181
当前背包内物品总重量: 4114.4
当前背包内物品总价值: 3825.0
迭代次数：182
当前背包内物品总重量: 4157.1
当前背包内物品总价值: 3864.0
迭代次数：183
当前背包内物品总重量: 4221.7
当前背包内物品总价值: 3923.0
迭代次数：184
当前背包内物品总重量: 4243.6
当前背包内物品总价值: 3943.0
迭代次数：185
当前背包内物品总重量: 4309.3
当前背包内物品总价值: 4003.0
迭代次数：186
当前背包内物品总重量: 4354.2
当前背包内物品总价值: 4044.0
迭代次数：187
当前背包内物品总重量: 4422.1
当前背包内物品总价值: 4106.0
迭代次数：188
当前背包内物品总重量: 4468.1
当前背包内物品总价值: 4148.0
迭代次数：189
当前背包内物品总重量: 4514.1
当前背包内物品总价值: 4190.0
迭代次数：190
当前背包内物品总重量: 4537.1
当前背包内物品总价值: 4211.0
迭代次数：191
当前背包内物品总重量: 4585.3
当前背包内物品总价值: 4255.0
迭代次数：192
当前背包内物品总重量: 4633.5
当前背包内物品总价值: 4299.0
迭代次数：193
当前背包内物品总重量: 4706.9
当前背包内物品总价值: 4366.0
迭代次数：194
当前背包内物品总重量: 4780.3
当前背包内物品总价值: 4433.0
迭代次数：195
当前背包内物品总重量: 4853.7
当前背包内物品总价值: 4500.0
迭代次数：196
当前背包内物品总重量: 4904.1
当前背包内物品总价值: 4546.0
迭代次数：197
当前背包内物品总重量: 4954.5
当前背包内物品总价值: 4592.0
迭代次数：198
当前背包内物品总重量: 5031.2
当前背包内物品总价值: 4662.0
迭代次数：199
当前背包内物品总重量: 5082.7
当前背包内物品总价值: 4709.0
迭代次数：200
当前背包内物品总重量: 5160.5
当前背包内物品总价值: 4780.0
迭代次数：201
当前背包内物品总重量: 5213.1
当前背包内物品总价值: 4828.0
迭代次数：202
当前背包内物品总重量: 5292.0
当前背包内物品总价值: 4900.0
迭代次数：203
当前背包内物品总重量: 5370.9
当前背包内物品总价值: 4972.0
迭代次数：204
当前背包内物品总重量: 5424.6
当前背包内物品总价值: 5021.0
迭代次数：205
当前背包内物品总重量: 5452.0
当前背包内物品总价值: 5046.0
迭代次数：206
当前背包内物品总重量: 5507.9
当前背包内物品总价值: 5097.0
迭代次数：207
当前背包内物品总重量: 5566.0
当前背包内物品总价值: 5150.0
迭代次数：208
当前背包内物品总重量: 5595.6
当前背包内物品总价值: 5177.0
迭代次数：209
当前背包内物品总重量: 5657.0
当前背包内物品总价值: 5233.0
迭代次数：210
当前背包内物品总重量: 5687.7
当前背包内物品总价值: 5261.0
迭代次数：211
当前背包内物品总重量: 5750.2
当前背包内物品总价值: 5318.0
迭代次数：212
当前背包内物品总重量: 5783.1
当前背包内物品总价值: 5348.0
迭代次数：213
当前背包内物品总重量: 5817.1
当前背包内物品总价值: 5379.0
迭代次数：214
当前背包内物品总重量: 5887.3
当前背包内物品总价值: 5443.0
迭代次数：215
当前背包内物品总重量: 5957.5
当前背包内物品总价值: 5507.0
迭代次数：216
当前背包内物品总重量: 5993.7
当前背包内物品总价值: 5540.0
迭代次数：217
当前背包内物品总重量: 6068.3
当前背包内物品总价值: 5608.0
迭代次数：218
当前背包内物品总重量: 6150.6
当前背包内物品总价值: 5683.0
迭代次数：219
当前背包内物品总重量: 6232.9
当前背包内物品总价值: 5758.0
迭代次数：220
当前背包内物品总重量: 6275.7
当前背包内物品总价值: 5797.0
迭代次数：221
当前背包内物品总重量: 6362.4
当前背包内物品总价值: 5876.0
迭代次数：222
当前背包内物品总重量: 6450.2
当前背包内物品总价值: 5956.0
迭代次数：223
当前背包内物品总重量: 6538.0
当前背包内物品总价值: 6036.0
迭代次数：224
当前背包内物品总重量: 6581.9
当前背包内物品总价值: 6076.0
迭代次数：225
当前背包内物品总重量: 6628.0
当前背包内物品总价值: 6118.0
迭代次数：226
当前背包内物品总重量: 6674.1
当前背包内物品总价值: 6160.0
迭代次数：227
当前背包内物品总重量: 6722.4
当前背包内物品总价值: 6204.0
迭代次数：228
当前背包内物品总重量: 6771.8
当前背包内物品总价值: 6249.0
迭代次数：229
当前背包内物品总重量: 6823.4
当前背包内物品总价值: 6296.0
迭代次数：230
当前背包内物品总重量: 6878.3
当前背包内物品总价值: 6346.0
迭代次数：231
当前背包内物品总重量: 6933.2
当前背包内物品总价值: 6396.0
迭代次数：232
当前背包内物品总重量: 6989.2
当前背包内物品总价值: 6447.0
迭代次数：233
当前背包内物品总重量: 7045.2
当前背包内物品总价值: 6498.0
迭代次数：234
当前背包内物品总重量: 7101.2
当前背包内物品总价值: 6549.0
迭代次数：235
当前背包内物品总重量: 7158.3
当前背包内物品总价值: 6601.0
迭代次数：236
当前背包内物品总重量: 7218.7
当前背包内物品总价值: 6656.0
迭代次数：237
当前背包内物品总重量: 7280.2
当前背包内物品总价值: 6712.0
迭代次数：238
当前背包内物品总重量: 7342.8
当前背包内物品总价值: 6769.0
迭代次数：239
当前背包内物品总重量: 7405.4
当前背包内物品总价值: 6826.0
迭代次数：240
当前背包内物品总重量: 7469.1
当前背包内物品总价值: 6884.0
迭代次数：241
当前背包内物品总重量: 7535.0
当前背包内物品总价值: 6944.0
迭代次数：242
当前背包内物品总重量: 7602.0
当前背包内物品总价值: 7005.0
迭代次数：243
当前背包内物品总重量: 7671.2
当前背包内物品总价值: 7068.0
迭代次数：244
当前背包内物品总重量: 7741.5
当前背包内物品总价值: 7132.0
迭代次数：245
当前背包内物品总重量: 7812.9
当前背包内物品总价值: 7197.0
迭代次数：246
当前背包内物品总重量: 7885.4
当前背包内物品总价值: 7263.0
迭代次数：247
当前背包内物品总重量: 7962.3
当前背包内物品总价值: 7333.0
迭代次数：248
当前背包内物品总重量: 8040.3
当前背包内物品总价值: 7404.0
迭代次数：249
当前背包内物品总重量: 8120.5
当前背包内物品总价值: 7477.0
迭代次数：250
当前背包内物品总重量: 8204.0
当前背包内物品总价值: 7553.0
迭代次数：251
当前背包内物品总重量: 8290.8
当前背包内物品总价值: 7632.0
迭代次数：252
当前背包内物品总重量: 8379.8
当前背包内物品总价值: 7713.0
迭代次数：253
当前背包内物品总重量: 8471.0
当前背包内物品总价值: 7796.0
迭代次数：254
当前背包内物品总重量: 8562.2
当前背包内物品总价值: 7879.0
迭代次数：255
当前背包内物品总重量: 8654.5
当前背包内物品总价值: 7963.0
迭代次数：256
当前背包内物品总重量: 8746.8
当前背包内物品总价值: 8047.0
迭代次数：257
当前背包内物品总重量: 8840.2
当前背包内物品总价值: 8132.0
迭代次数：258
当前背包内物品总重量: 8934.7
当前背包内物品总价值: 8218.0
迭代次数：259
当前背包内物品总重量: 9030.3
当前背包内物品总价值: 8305.0
迭代次数：260
当前背包内物品总重量: 9128.1
当前背包内物品总价值: 8394.0
迭代次数：261
当前背包内物品总重量: 9227.0
当前背包内物品总价值: 8484.0
迭代次数：262
当前背包内物品总重量: 9312.8
当前背包内物品总价值: 8562.0
迭代次数：263
当前背包内物品总重量: 9390.9
当前背包内物品总价值: 8633.0
迭代次数：264
当前背包内物品总重量: 9469.0
当前背包内物品总价值: 8704.0
迭代次数：265
当前背包内物品总重量: 9543.8
当前背包内物品总价值: 8772.0
迭代次数：266
当前背包内物品总重量: 9613.1
当前背包内物品总价值: 8835.0
迭代次数：267
当前背包内物品总重量: 9671.4
当前背包内物品总价值: 8888.0
迭代次数：268
当前背包内物品总重量: 9724.2
当前背包内物品总价值: 8936.0
迭代次数：269
当前背包内物品总重量: 9772.6
当前背包内物品总价值: 8980.0
迭代次数：270
当前背包内物品总重量: 9815.5
当前背包内物品总价值: 9019.0
迭代次数：271
当前背包内物品总重量: 9857.3
当前背包内物品总价值: 9057.0
迭代次数：272
当前背包内物品总重量: 9883.7
当前背包内物品总价值: 9081.0
迭代次数：273
当前背包内物品总重量: 9907.9
当前背包内物品总价值: 9103.0
迭代次数：274
当前背包内物品总重量: 9932.1
当前背包内物品总价值: 9125.0
迭代次数：275
当前背包内物品总重量: 9956.3
当前背包内物品总价值: 9147.0
迭代次数：276
当前背包内物品总重量: 9977.2
当前背包内物品总价值: 9166.0
迭代次数：277
当前背包内物品总重量: 9989.3
当前背包内物品总价值: 9177.0
迭代次数：278
当前背包内物品总重量: 9995.9
当前背包内物品总价值: 9183.0
迭代次数：279
当前背包内物品总重量: 10086.1
当前背包内物品总价值: 9265.0
迭代次数：280
当前背包内物品总重量: 10170.8
当前背包内物品总价值: 9342.0
迭代次数：281
当前背包内物品总重量: 10255.5
当前背包内物品总价值: 9419.0
迭代次数：282
当前背包内物品总重量: 10336.9
当前背包内物品总价值: 9493.0
迭代次数：283
当前背包内物品总重量: 10407.3
当前背包内物品总价值: 9557.0
迭代次数：284
当前背包内物品总重量: 10475.5
当前背包内物品总价值: 9619.0
迭代次数：285
当前背包内物品总重量: 10543.7
当前背包内物品总价值: 9681.0
迭代次数：286
当前背包内物品总重量: 10608.6
当前背包内物品总价值: 9740.0
迭代次数：287
当前背包内物品总重量: 10671.3
当前背包内物品总价值: 9797.0
迭代次数：288
当前背包内物品总重量: 10731.8
当前背包内物品总价值: 9852.0
迭代次数：289
当前背包内物品总重量: 10792.3
当前背包内物品总价值: 9907.0
迭代次数：290
当前背包内物品总重量: 10852.8
当前背包内物品总价值: 9962.0
迭代次数：291
当前背包内物品总重量: 10912.2
当前背包内物品总价值: 10016.0
迭代次数：292
当前背包内物品总重量: 10967.2
当前背包内物品总价值: 10066.0
迭代次数：293
当前背包内物品总重量: 11021.1
当前背包内物品总价值: 10115.0
迭代次数：294
当前背包内物品总重量: 11072.8
当前背包内物品总价值: 10162.0
迭代次数：295
当前背包内物品总重量: 11123.4
当前背包内物品总价值: 10208.0
迭代次数：296
当前背包内物品总重量: 11172.9
当前背包内物品总价值: 10253.0
迭代次数：297
当前背包内物品总重量: 11222.4
当前背包内物品总价值: 10298.0
迭代次数：298
当前背包内物品总重量: 11268.6
当前背包内物品总价值: 10340.0
迭代次数：299
当前背包内物品总重量: 11309.3
当前背包内物品总价值: 10377.0
迭代次数：300
当前背包内物品总重量: 11344.5
当前背包内物品总价值: 10409.0
迭代次数：301
当前背包内物品总重量: 11372.0
当前背包内物品总价值: 10434.0
迭代次数：302
当前背包内物品总重量: 11394.0
当前背包内物品总价值: 10454.0
迭代次数：303
当前背包内物品总重量: 11411.6
当前背包内物品总价值: 10470.0
迭代次数：304
当前背包内物品总重量: 11429.2
当前背包内物品总价值: 10486.0
迭代次数：305
当前背包内物品总重量: 11443.5
当前背包内物品总价值: 10499.0
迭代次数：306
当前背包内物品总重量: 11454.5
当前背包内物品总价值: 10509.0
迭代次数：307
当前背包内物品总重量: 11464.4
当前背包内物品总价值: 10518.0
迭代次数：308
当前背包内物品总重量: 11469.9
当前背包内物品总价值: 10523.0
迭代次数：309
当前背包内物品总重量: 11471.0
当前背包内物品总价值: 10524.0
迭代次数：310
当前背包内物品总重量: 11569.0
当前背包内物品总价值: 10613.0
迭代次数：311
当前背包内物品总重量: 11667.0
当前背包内物品总价值: 10702.0
迭代次数：312
当前背包内物品总重量: 11761.7
当前背包内物品总价值: 10788.0
迭代次数：313
当前背包内物品总重量: 11856.4
当前背包内物品总价值: 10874.0
迭代次数：314
当前背包内物品总重量: 11945.6
当前背包内物品总价值: 10955.0
迭代次数：315
当前背包内物品总重量: 12032.6
当前背包内物品总价值: 11034.0
迭代次数：316
当前背包内物品总重量: 12117.4
当前背包内物品总价值: 11111.0
迭代次数：317
当前背包内物品总重量: 12198.9
当前背包内物品总价值: 11185.0
迭代次数：318
当前背包内物品总重量: 12277.1
当前背包内物品总价值: 11256.0
迭代次数：319
当前背包内物品总重量: 12354.2
当前背包内物品总价值: 11326.0
迭代次数：320
当前背包内物品总重量: 12430.2
当前背包内物品总价值: 11395.0
迭代次数：321
当前背包内物品总重量: 12502.9
当前背包内物品总价值: 11461.0
迭代次数：322
当前背包内物品总重量: 12574.5
当前背包内物品总价值: 11526.0
迭代次数：323
当前背包内物品总重量: 12645.0
当前背包内物品总价值: 11590.0
迭代次数：324
当前背包内物品总重量: 12713.3
当前背包内物品总价值: 11652.0
迭代次数：325
当前背包内物品总重量: 12780.5
当前背包内物品总价值: 11713.0
迭代次数：326
当前背包内物品总重量: 12841.1
当前背包内物品总价值: 11768.0
迭代次数：327
当前背包内物品总重量: 12901.7
当前背包内物品总价值: 11823.0
迭代次数：328
当前背包内物品总重量: 12955.7
当前背包内物品总价值: 11872.0
迭代次数：329
当前背包内物品总重量: 13006.4
当前背包内物品总价值: 11918.0
迭代次数：330
当前背包内物品总重量: 13105.6
当前背包内物品总价值: 12008.0
迭代次数：331
当前背包内物品总重量: 13153.0
当前背包内物品总价值: 12051.0
迭代次数：332
当前背包内物品总重量: 13198.2
当前背包内物品总价值: 12092.0
迭代次数：333
当前背包内物品总重量: 13286.4
当前背包内物品总价值: 12172.0
迭代次数：334
当前背包内物品总重量: 13373.5
当前背包内物品总价值: 12251.0
迭代次数：335
当前背包内物品总重量: 13460.6
当前背包内物品总价值: 12330.0
迭代次数：336
当前背包内物品总重量: 13546.6
当前背包内物品总价值: 12408.0
迭代次数：337
当前背包内物品总重量: 13631.5
当前背包内物品总价值: 12485.0
迭代次数：338
当前背包内物品总重量: 13631.5
当前背包内物品总价值: 12485.0
迭代次数：339
当前背包内物品总重量: 13631.5
当前背包内物品总价值: 12485.0
迭代次数：340
当前背包内物品总重量: 13631.5
当前背包内物品总价值: 12485.0
迭代次数：341
当前背包内物品总重量: 13631.5
当前背包内物品总价值: 12485.0
迭代次数：342
当前背包内物品总重量: 13631.5
当前背包内物品总价值: 12485.0
迭代次数：343
当前背包内物品总重量: 13670.1
当前背包内物品总价值: 12520.0
迭代次数：344
当前背包内物品总重量: 13670.1
当前背包内物品总价值: 12520.0
迭代次数：345
当前背包内物品总重量: 13670.1
当前背包内物品总价值: 12520.0
迭代次数：346
当前背包内物品总重量: 13670.1
当前背包内物品总价值: 12520.0
迭代次数：347
当前背包内物品总重量: 13670.1
当前背包内物品总价值: 12520.0
迭代次数：348
当前背包内物品总重量: 13670.1
当前背包内物品总价值: 12520.0
迭代次数：349
当前背包内物品总重量: 13670.1
当前背包内物品总价值: 12520.0
迭代次数：350
当前背包内物品总重量: 13670.1
当前背包内物品总价值: 12520.0
迭代次数：351
当前背包内物品总重量: 13670.1
当前背包内物品总价值: 12520.0
迭代次数：352
当前背包内物品总重量: 13670.1
当前背包内物品总价值: 12520.0
迭代次数：353
当前背包内物品总重量: 13670.1
当前背包内物品总价值: 12520.0
迭代次数：354
当前背包内物品总重量: 13670.1
当前背包内物品总价值: 12520.0
迭代次数：355
当前背包内物品总重量: 13670.1
当前背包内物品总价值: 12520.0
迭代次数：356
当前背包内物品总重量: 13670.1
当前背包内物品总价值: 12520.0
迭代次数：357
当前背包内物品总重量: 13670.1
当前背包内物品总价值: 12520.0
迭代次数：358
当前背包内物品总重量: 13670.1
当前背包内物品总价值: 12520.0
迭代次数：359
当前背包内物品总重量: 13670.1
当前背包内物品总价值: 12520.0
迭代次数：360
当前背包内物品总重量: 13670.1
当前背包内物品总价值: 12520.0
迭代次数：361
当前背包内物品总重量: 13670.1
当前背包内物品总价值: 12520.0
迭代次数：362
当前背包内物品总重量: 13670.1
当前背包内物品总价值: 12520.0
迭代次数：363
当前背包内物品总重量: 13670.1
当前背包内物品总价值: 12520.0
迭代次数：364
当前背包内物品总重量: 13670.1
当前背包内物品总价值: 12520.0
迭代次数：365
当前背包内物品总重量: 13670.1
当前背包内物品总价值: 12520.0
迭代次数：366
当前背包内物品总重量: 13670.1
当前背包内物品总价值: 12520.0
迭代次数：367
当前背包内物品总重量: 13670.1
当前背包内物品总价值: 12520.0
迭代次数：368
当前背包内物品总重量: 13670.1
当前背包内物品总价值: 12520.0
迭代次数：369
当前背包内物品总重量: 13670.1
当前背包内物品总价值: 12520.0
迭代次数：370
当前背包内物品总重量: 13670.1
当前背包内物品总价值: 12520.0
迭代次数：371
当前背包内物品总重量: 13670.1
当前背包内物品总价值: 12520.0
迭代次数：372
当前背包内物品总重量: 13670.1
当前背包内物品总价值: 12520.0
迭代次数：373
当前背包内物品总重量: 13670.1
当前背包内物品总价值: 12520.0
迭代次数：374
当前背包内物品总重量: 13670.1
当前背包内物品总价值: 12520.0
迭代次数：375
当前背包内物品总重量: 13670.1
当前背包内物品总价值: 12520.0
迭代次数：376
当前背包内物品总重量: 13670.1
当前背包内物品总价值: 12520.0
迭代次数：377
当前背包内物品总重量: 13670.1
当前背包内物品总价值: 12520.0
迭代次数：378
当前背包内物品总重量: 13670.1
当前背包内物品总价值: 12520.0
迭代次数：379
当前背包内物品总重量: 13670.1
当前背包内物品总价值: 12520.0
迭代次数：380
当前背包内物品总重量: 13670.1
当前背包内物品总价值: 12520.0
迭代次数：381
当前背包内物品总重量: 13694.4
当前背包内物品总价值: 12542.0
迭代次数：382
当前背包内物品总重量: 13694.4
当前背包内物品总价值: 12542.0
迭代次数：383
当前背包内物品总重量: 13694.4
当前背包内物品总价值: 12542.0
迭代次数：384
当前背包内物品总重量: 13694.4
当前背包内物品总价值: 12542.0
迭代次数：385
当前背包内物品总重量: 13694.4
当前背包内物品总价值: 12542.0
迭代次数：386
当前背包内物品总重量: 13694.4
当前背包内物品总价值: 12542.0
迭代次数：387
当前背包内物品总重量: 13694.4
当前背包内物品总价值: 12542.0
迭代次数：388
当前背包内物品总重量: 13694.4
当前背包内物品总价值: 12542.0
迭代次数：389
当前背包内物品总重量: 13694.4
当前背包内物品总价值: 12542.0
迭代次数：390
当前背包内物品总重量: 13694.4
当前背包内物品总价值: 12542.0
迭代次数：391
当前背包内物品总重量: 13694.4
当前背包内物品总价值: 12542.0
迭代次数：392
当前背包内物品总重量: 13694.4
当前背包内物品总价值: 12542.0
迭代次数：393
当前背包内物品总重量: 13694.4
当前背包内物品总价值: 12542.0
迭代次数：394
当前背包内物品总重量: 13694.4
当前背包内物品总价值: 12542.0
迭代次数：395
当前背包内物品总重量: 13694.4
当前背包内物品总价值: 12542.0
迭代次数：396
当前背包内物品总重量: 13694.4
当前背包内物品总价值: 12542.0
迭代次数：397
当前背包内物品总重量: 13694.4
当前背包内物品总价值: 12542.0
迭代次数：398
当前背包内物品总重量: 13694.4
当前背包内物品总价值: 12542.0
迭代次数：399
当前背包内物品总重量: 13694.4
当前背包内物品总价值: 12542.0
迭代次数：400
当前背包内物品总重量: 13694.4
当前背包内物品总价值: 12542.0
迭代次数：401
当前背包内物品总重量: 13694.4
当前背包内物品总价值: 12542.0
迭代次数：402
当前背包内物品总重量: 13694.4
当前背包内物品总价值: 12542.0
迭代次数：403
当前背包内物品总重量: 13694.4
当前背包内物品总价值: 12542.0
迭代次数：404
当前背包内物品总重量: 13694.4
当前背包内物品总价值: 12542.0
迭代次数：405
当前背包内物品总重量: 13694.4
当前背包内物品总价值: 12542.0
迭代次数：406
当前背包内物品总重量: 13694.4
当前背包内物品总价值: 12542.0
迭代次数：407
当前背包内物品总重量: 13694.4
当前背包内物品总价值: 12542.0
迭代次数：408
当前背包内物品总重量: 13694.4
当前背包内物品总价值: 12542.0
迭代次数：409
当前背包内物品总重量: 13694.4
当前背包内物品总价值: 12542.0
迭代次数：410
当前背包内物品总重量: 13694.4
当前背包内物品总价值: 12542.0
迭代次数：411
当前背包内物品总重量: 13694.4
当前背包内物品总价值: 12542.0
迭代次数：412
当前背包内物品总重量: 13694.4
当前背包内物品总价值: 12542.0
迭代次数：413
当前背包内物品总重量: 13694.4
当前背包内物品总价值: 12542.0
迭代次数：414
当前背包内物品总重量: 13694.4
当前背包内物品总价值: 12542.0
迭代次数：415
当前背包内物品总重量: 13694.4
当前背包内物品总价值: 12542.0
迭代次数：416
当前背包内物品总重量: 13694.4
当前背包内物品总价值: 12542.0
迭代次数：417
当前背包内物品总重量: 13694.4
当前背包内物品总价值: 12542.0
迭代次数：418
当前背包内物品总重量: 13694.4
当前背包内物品总价值: 12542.0
迭代次数：419
当前背包内物品总重量: 13694.4
当前背包内物品总价值: 12542.0
迭代次数：420
当前背包内物品总重量: 13694.4
当前背包内物品总价值: 12542.0
迭代次数：421
当前背包内物品总重量: 13694.4
当前背包内物品总价值: 12542.0
迭代次数：422
当前背包内物品总重量: 13694.4
当前背包内物品总价值: 12542.0
迭代次数：423
当前背包内物品总重量: 13694.4
当前背包内物品总价值: 12542.0
迭代次数：424
当前背包内物品总重量: 13694.4
当前背包内物品总价值: 12542.0
迭代次数：425
当前背包内物品总重量: 13694.4
当前背包内物品总价值: 12542.0
迭代次数：426
当前背包内物品总重量: 13694.4
当前背包内物品总价值: 12542.0
迭代次数：427
当前背包内物品总重量: 13694.4
当前背包内物品总价值: 12542.0
迭代次数：428
当前背包内物品总重量: 13694.4
当前背包内物品总价值: 12542.0
迭代次数：429
当前背包内物品总重量: 13694.4
当前背包内物品总价值: 12542.0
迭代次数：430
当前背包内物品总重量: 13694.4
当前背包内物品总价值: 12542.0
迭代次数：431
当前背包内物品总重量: 13694.4
当前背包内物品总价值: 12542.0
迭代次数：432
当前背包内物品总重量: 13694.4
当前背包内物品总价值: 12542.0
迭代次数：433
当前背包内物品总重量: 13694.4
当前背包内物品总价值: 12542.0
迭代次数：434
当前背包内物品总重量: 13694.4
当前背包内物品总价值: 12542.0
迭代次数：435
当前背包内物品总重量: 13694.4
当前背包内物品总价值: 12542.0
迭代次数：436
当前背包内物品总重量: 13694.4
当前背包内物品总价值: 12542.0
迭代次数：437
当前背包内物品总重量: 13694.4
当前背包内物品总价值: 12542.0
迭代次数：438
当前背包内物品总重量: 13694.4
当前背包内物品总价值: 12542.0
迭代次数：439
当前背包内物品总重量: 13694.4
当前背包内物品总价值: 12542.0
迭代次数：440
当前背包内物品总重量: 13694.4
当前背包内物品总价值: 12542.0
迭代次数：441
当前背包内物品总重量: 13694.4
当前背包内物品总价值: 12542.0
迭代次数：442
当前背包内物品总重量: 13694.4
当前背包内物品总价值: 12542.0
迭代次数：443
当前背包内物品总重量: 13694.4
当前背包内物品总价值: 12542.0
迭代次数：444
当前背包内物品总重量: 13694.4
当前背包内物品总价值: 12542.0
迭代次数：445
当前背包内物品总重量: 13694.4
当前背包内物品总价值: 12542.0
迭代次数：446
当前背包内物品总重量: 13694.4
当前背包内物品总价值: 12542.0
迭代次数：447
当前背包内物品总重量: 13694.4
当前背包内物品总价值: 12542.0
迭代次数：448
当前背包内物品总重量: 13694.4
当前背包内物品总价值: 12542.0
迭代次数：449
当前背包内物品总重量: 13694.4
当前背包内物品总价值: 12542.0
迭代次数：450
当前背包内物品总重量: 13694.4
当前背包内物品总价值: 12542.0
迭代次数：451
当前背包内物品总重量: 13694.4
当前背包内物品总价值: 12542.0
迭代次数：452
当前背包内物品总重量: 13694.4
当前背包内物品总价值: 12542.0
迭代次数：453
当前背包内物品总重量: 13694.4
当前背包内物品总价值: 12542.0
迭代次数：454
当前背包内物品总重量: 13694.4
当前背包内物品总价值: 12542.0
迭代次数：455
当前背包内物品总重量: 13694.4
当前背包内物品总价值: 12542.0
迭代次数：456
当前背包内物品总重量: 13694.4
当前背包内物品总价值: 12542.0
迭代次数：457
当前背包内物品总重量: 13694.4
当前背包内物品总价值: 12542.0
迭代次数：458
当前背包内物品总重量: 13694.4
当前背包内物品总价值: 12542.0
迭代次数：459
当前背包内物品总重量: 13694.4
当前背包内物品总价值: 12542.0
迭代次数：460
当前背包内物品总重量: 13694.4
当前背包内物品总价值: 12542.0
迭代次数：461
当前背包内物品总重量: 13694.4
当前背包内物品总价值: 12542.0
迭代次数：462
当前背包内物品总重量: 13694.4
当前背包内物品总价值: 12542.0
迭代次数：463
当前背包内物品总重量: 13694.4
当前背包内物品总价值: 12542.0
迭代次数：464
当前背包内物品总重量: 13694.4
当前背包内物品总价值: 12542.0
迭代次数：465
当前背包内物品总重量: 13694.4
当前背包内物品总价值: 12542.0
迭代次数：466
当前背包内物品总重量: 13694.4
当前背包内物品总价值: 12542.0
迭代次数：467
当前背包内物品总重量: 13694.4
当前背包内物品总价值: 12542.0
迭代次数：468
当前背包内物品总重量: 13694.4
当前背包内物品总价值: 12542.0
迭代次数：469
当前背包内物品总重量: 13694.4
当前背包内物品总价值: 12542.0
迭代次数：470
当前背包内物品总重量: 13694.4
当前背包内物品总价值: 12542.0
迭代次数：471
当前背包内物品总重量: 13694.4
当前背包内物品总价值: 12542.0
迭代次数：472
当前背包内物品总重量: 13694.4
当前背包内物品总价值: 12542.0
迭代次数：473
当前背包内物品总重量: 13694.4
当前背包内物品总价值: 12542.0
迭代次数：474
当前背包内物品总重量: 13694.4
当前背包内物品总价值: 12542.0
迭代次数：475
当前背包内物品总重量: 13694.4
当前背包内物品总价值: 12542.0
迭代次数：476
当前背包内物品总重量: 13694.4
当前背包内物品总价值: 12542.0
迭代次数：477
当前背包内物品总重量: 13694.4
当前背包内物品总价值: 12542.0
迭代次数：478
当前背包内物品总重量: 13694.4
当前背包内物品总价值: 12542.0
迭代次数：479
当前背包内物品总重量: 13694.4
当前背包内物品总价值: 12542.0
迭代次数：480
当前背包内物品总重量: 13694.4
当前背包内物品总价值: 12542.0
迭代次数：481
当前背包内物品总重量: 13694.4
当前背包内物品总价值: 12542.0
迭代次数：482
当前背包内物品总重量: 13694.4
当前背包内物品总价值: 12542.0
迭代次数：483
当前背包内物品总重量: 13694.4
当前背包内物品总价值: 12542.0
迭代次数：484
当前背包内物品总重量: 13694.4
当前背包内物品总价值: 12542.0
迭代次数：485
当前背包内物品总重量: 13694.4
当前背包内物品总价值: 12542.0
迭代次数：486
当前背包内物品总重量: 13694.4
当前背包内物品总价值: 12542.0
迭代次数：487
当前背包内物品总重量: 13694.4
当前背包内物品总价值: 12542.0
迭代次数：488
当前背包内物品总重量: 13694.4
当前背包内物品总价值: 12542.0
迭代次数：489
当前背包内物品总重量: 13694.4
当前背包内物品总价值: 12542.0
迭代次数：490
当前背包内物品总重量: 13694.4
当前背包内物品总价值: 12542.0
迭代次数：491
当前背包内物品总重量: 13694.4
当前背包内物品总价值: 12542.0
迭代次数：492
当前背包内物品总重量: 13694.4
当前背包内物品总价值: 12542.0
迭代次数：493
当前背包内物品总重量: 13694.4
当前背包内物品总价值: 12542.0
迭代次数：494
当前背包内物品总重量: 13694.4
当前背包内物品总价值: 12542.0
迭代次数：495
当前背包内物品总重量: 13694.4
当前背包内物品总价值: 12542.0
迭代次数：496
当前背包内物品总重量: 13694.4
当前背包内物品总价值: 12542.0
迭代次数：497
当前背包内物品总重量: 13694.4
当前背包内物品总价值: 12542.0
迭代次数：498
当前背包内物品总重量: 13694.4
当前背包内物品总价值: 12542.0
迭代次数：499
当前背包内物品总重量: 13694.4
当前背包内物品总价值: 12542.0
迭代次数：500
当前背包内物品总重量: 13694.4
当前背包内物品总价值: 12542.0
迭代次数：501
当前背包内物品总重量: 13694.4
当前背包内物品总价值: 12542.0
迭代次数：502
当前背包内物品总重量: 13694.4
当前背包内物品总价值: 12542.0
迭代次数：503
当前背包内物品总重量: 13694.4
当前背包内物品总价值: 12542.0
迭代次数：504
当前背包内物品总重量: 13694.4
当前背包内物品总价值: 12542.0
迭代次数：505
当前背包内物品总重量: 13694.4
当前背包内物品总价值: 12542.0
迭代次数：506
当前背包内物品总重量: 13694.4
当前背包内物品总价值: 12542.0
迭代次数：507
当前背包内物品总重量: 13694.4
当前背包内物品总价值: 12542.0
迭代次数：508
当前背包内物品总重量: 13694.4
当前背包内物品总价值: 12542.0
迭代次数：509
当前背包内物品总重量: 13694.4
当前背包内物品总价值: 12542.0
迭代次数：510
当前背包内物品总重量: 13694.4
当前背包内物品总价值: 12542.0
迭代次数：511
当前背包内物品总重量: 13694.4
当前背包内物品总价值: 12542.0
迭代次数：512
当前背包内物品总重量: 13694.4
当前背包内物品总价值: 12542.0
迭代次数：513
当前背包内物品总重量: 13694.4
当前背包内物品总价值: 12542.0
迭代次数：514
当前背包内物品总重量: 13694.4
当前背包内物品总价值: 12542.0
迭代次数：515
当前背包内物品总重量: 13694.4
当前背包内物品总价值: 12542.0
迭代次数：516
当前背包内物品总重量: 13694.4
当前背包内物品总价值: 12542.0
迭代次数：517
当前背包内物品总重量: 13694.4
当前背包内物品总价值: 12542.0
迭代次数：518
当前背包内物品总重量: 13694.4
当前背包内物品总价值: 12542.0
迭代次数：519
当前背包内物品总重量: 13694.4
当前背包内物品总价值: 12542.0
迭代次数：520
当前背包内物品总重量: 13694.4
当前背包内物品总价值: 12542.0
迭代次数：521
当前背包内物品总重量: 13694.4
当前背包内物品总价值: 12542.0
迭代次数：522
当前背包内物品总重量: 13694.4
当前背包内物品总价值: 12542.0
迭代次数：523
当前背包内物品总重量: 13694.4
当前背包内物品总价值: 12542.0
迭代次数：524
当前背包内物品总重量: 13694.4
当前背包内物品总价值: 12542.0
迭代次数：525
当前背包内物品总重量: 13694.4
当前背包内物品总价值: 12542.0
迭代次数：526
当前背包内物品总重量: 13694.4
当前背包内物品总价值: 12542.0
迭代次数：527
当前背包内物品总重量: 13694.4
当前背包内物品总价值: 12542.0
迭代次数：528
当前背包内物品总重量: 13694.4
当前背包内物品总价值: 12542.0
迭代次数：529
当前背包内物品总重量: 13694.4
当前背包内物品总价值: 12542.0
迭代次数：530
当前背包内物品总重量: 13694.4
当前背包内物品总价值: 12542.0
迭代次数：531
当前背包内物品总重量: 13694.4
当前背包内物品总价值: 12542.0
迭代次数：532
当前背包内物品总重量: 13694.4
当前背包内物品总价值: 12542.0
迭代次数：533
当前背包内物品总重量: 13694.4
当前背包内物品总价值: 12542.0
迭代次数：534
当前背包内物品总重量: 13694.4
当前背包内物品总价值: 12542.0
迭代次数：535
当前背包内物品总重量: 13694.4
当前背包内物品总价值: 12542.0
迭代次数：536
当前背包内物品总重量: 13694.4
当前背包内物品总价值: 12542.0
迭代次数：537
当前背包内物品总重量: 13694.4
当前背包内物品总价值: 12542.0
**************************************************************************************************
计算结果最大价值为12542
其中物品总重量为13694.4
具体的选择为
[1, 1, 0, 1, 0, 0, 1, 1, 1, 0, 0, 1, 0, 1, 1, 1, 1, 1, 0, 1, 0, 0, 1, 0, 0, 0, 1, 1, 0, 0, 1, 1, 1, 1, 1, 0, 0, 0, 1, 1, 1, 1, 1, 1, 0, 0, 0, 1, 1, 0, 1, 0, 0, 1, 1, 1, 0, 1, 0, 1, 0, 0, 1, 0, 1, 1, 1, 1, 0, 1, 1, 0, 0, 1, 0, 1, 0, 1, 1, 1, 1, 1, 0, 1, 0, 0, 0, 0, 1, 1, 1, 0, 0, 1, 0, 1, 0, 1, 0, 0, 0, 0, 1, 0, 0, 1, 0, 1, 1, 1, 0, 1, 1, 1, 1, 1, 1, 1, 1, 1, 0, 0, 1, 0, 0, 1, 1, 0, 1, 1, 1, 1, 1, 1, 1, 1, 1, 0, 1, 1, 1, 1, 0, 1, 1, 1, 0, 0, 1, 1, 1, 1, 0, 1, 1, 0, 0, 0, 1, 0, 1, 0, 1, 0, 0, 0, 1, 1, 1, 1, 1, 1, 1, 1, 1, 1, 1, 1, 0, 0, 1, 1, 1, 1, 0, 1, 0, 1, 1, 0, 0, 1, 1, 0, 0, 1, 1, 1, 1, 1, 1, 1, 1, 0, 1, 1, 1, 0, 1, 1, 0, 1, 0, 0, 0, 1, 1, 1, 1, 1, 1, 0, 1, 0, 1, 1, 1, 1, 0, 1, 1, 0, 0, 1, 1, 1, 0, 1, 0, 1, 0, 0, 0, 0, 1, 1, 1, 1, 1, 1, 0, 1, 0, 1, 0, 0, 1, 0, 1, 1, 1, 0, 1, 1, 0, 1, 1, 0, 1, 1, 1, 1, 0, 0, 1, 1, 0, 1, 1, 0, 0, 1, 1, 0, 1, 1, 1, 0, 1, 0, 1, 1, 0, 0, 0, 1, 1, 1, 1, 0, 1, 1, 1, 1, 1, 1, 0, 1, 1, 1, 1, 1, 1, 1, 1, 0, 0, 1, 1, 0, 0, 1, 1, 1, 0, 0, 1, 1, 1, 1, 1, 1, 1, 1, 1, 1, 0, 1, 1, 1, 1, 1, 1, 0, 0, 0, 1, 0, 1, 0, 0, 1, 1, 0, 0, 0, 0, 1, 1, 1, 1, 1, 1, 0, 1, 1, 1, 0, 1, 1, 1, 1, 0, 1, 1, 1, 1, 1, 0, 0, 1, 1, 1, 1, 0, 1, 1, 0, 0, 0, 0, 0, 0, 1, 0, 1, 0, 0, 1, 0, 0, 1, 0, 1, 0, 0, 1, 1, 1, 0, 1, 1, 0, 1, 0, 1, 0, 1, 1, 1, 0, 0, 1, 1, 1, 1, 0, 1, 1, 1, 1, 0, 1, 0, 1, 0, 0, 1, 1, 1, 1, 1, 1, 0, 1, 0, 1, 1, 1, 0, 1, 0, 1, 0, 1, 1, 1, 0, 1, 0, 0, 1, 1, 0, 0, 1, 0, 0, 0, 0, 0, 1, 1, 1, 0, 1, 0, 1, 1, 1, 0, 0, 1, 1, 1, 1, 0, 1, 1, 0, 1, 1, 1, 0, 0, 1, 0, 1, 1, 1, 1, 1, 1, 0, 0, 0, 1, 1, 1, 0, 1, 0, 0, 0, 1, 0, 1, 1, 1, 1, 0, 1, 1, 0, 1, 1, 1, 1, 1, 1, 0, 1, 1, 1, 1, 0, 1]
**************************************************************************************************
-------贪心算法结束计算-------
++++++++++++++++++++++++++++++++++++++++++++++++++++++++++++++++++++++++++++++++++++++++++++++++++
模拟退火算法运行时间： 0.04435300827026367  秒
回溯算法运行时间： 1834.798336982727  秒
动态规划算法运行时间： 30.421517848968506  秒
贪心算法算法运行时间： 0.32906007766723633  秒
