------------Ubuntu 16.04 Python----------
------------author:leo--------------
@@@@@@@@@@@@@@@@@@@@@@@@@@@@@@@@@@@@@@@@@@@@@@@@@@@@@@@@@@@@@@@@@@@@@@@@@@@@@@@@@@@@@@@@@@@@@@@
本次背包问题实验规模为 537
物品重量列表：
[86.0, 32.3, 73.3, 17.6, 58.5, 92.8, 20.1, 24.2, 9.9, 96.4, 54.3, 39.3, 75.5, 78.2, 62.6, 29.6, 17.4, 9.2, 54.1, 26.8, 47.6, 82.0, 41.5, 41.1, 87.4, 92.8, 1.7, 18.2, 37.6, 60.7, 52.8, 78.1, 24.0, 45.6, 78.0, 44.3, 12.2, 94.2, 44.9, 14.9, 54.9, 24.0, 45.6, 11.0, 93.2, 56.6, 82.7, 59.1, 1.3, 64.2, 22.4, 98.5, 96.0, 19.4, 14.2, 2.3, 89.4, 21.8, 77.6, 86.8, 77.3, 53.3, 6.4, 34.3, 22.6, 48.1, 48.2, 8.9, 57.5, 70.4, 74.6, 80.7, 88.8, 60.1, 81.7, 17.3, 79.6, 37.1, 48.3, 9.3, 7.5, 5.9, 99.9, 28.4, 44.2, 78.8, 86.4, 63.1, 20.2, 59.4, 1.3, 55.4, 90.5, 46.0, 95.3, 84.7, 99.8, 74.8, 79.6, 87.4, 66.6, 65.4, 84.9, 21.1, 83.8, 46.7, 11.1, 4.6, 27.4, 8.2, 52.2, 60.5, 1.4, 81.5, 6.5, 14.3, 10.3, 65.7, 27.2, 70.2, 62.1, 19.9, 8.1, 80.5, 85.0, 24.9, 68.2, 76.1, 17.2, 2.6, 42.4, 54.9, 85.8, 12.1, 49.4, 84.8, 37.1, 78.4, 13.9, 47.0, 5.1, 73.4, 56.6, 50.6, 87.1, 77.1, 96.6, 36.4, 29.5, 24.3, 60.6, 4.7, 28.8, 60.2, 5.9, 49.9, 87.6, 82.1, 10.5, 92.8, 56.9, 66.6, 60.1, 76.3, 91.6, 92.1, 56.0, 91.2, 29.4, 94.7, 49.5, 26.9, 60.6, 62.6, 1.1, 17.3, 42.8, 2.8, 79.5, 71.9, 80.2, 92.3, 6.8, 7.1, 49.7, 70.3, 65.4, 40.5, 17.6, 60.7, 51.1, 87.8, 30.4, 59.9, 58.5, 21.7, 71.4, 50.4, 46.1, 67.9, 54.0, 4.8, 55.8, 37.5, 65.6, 15.6, 12.3, 69.8, 20.8, 45.8, 92.0, 47.4, 33.3, 33.2, 65.1, 24.2, 1.4, 76.9, 26.2, 11.4, 49.5, 97.2, 67.2, 96.6, 51.5, 64.6, 8.2, 50.2, 79.7, 4.5, 23.5, 67.5, 91.0, 27.3, 11.2, 72.7, 98.3, 46.1, 54.3, 29.1, 60.8, 84.1, 99.5, 64.3, 43.4, 88.2, 45.2, 71.6, 37.0, 24.2, 32.0, 68.2, 75.5, 22.7, 67.7, 36.6, 78.9, 87.5, 51.6, 97.8, 22.8, 84.2, 62.5, 73.4, 87.7, 51.2, 70.5, 85.0, 40.7, 16.9, 21.5, 3.6, 99.6, 99.7, 13.8, 94.5, 88.4, 28.2, 8.6, 60.0, 91.8, 58.3, 26.0, 96.2, 60.4, 92.3, 3.5, 69.5, 87.1, 82.2, 21.9, 9.0, 28.8, 91.8, 80.6, 42.9, 25.1, 55.9, 15.8, 52.1, 52.4, 21.2, 55.6, 34.5, 10.2, 29.5, 42.1, 60.5, 29.1, 70.2, 48.4, 35.6, 14.6, 6.6, 43.9, 93.3, 57.6, 2.7, 29.5, 66.6, 27.6, 98.0, 98.9, 95.6, 75.5, 65.2, 76.7, 62.7, 3.2, 10.6, 60.1, 53.9, 16.3, 93.4, 4.8, 35.2, 90.8, 73.4, 25.0, 30.7, 52.6, 72.5, 64.9, 91.8, 22.1, 83.2, 25.7, 95.5, 78.1, 80.8, 59.7, 63.7, 23.0, 23.3, 54.1, 68.7, 87.4, 2.0, 3.7, 23.9, 46.2, 24.5, 26.4, 63.2, 22.6, 78.9, 14.7, 94.0, 19.2, 26.9, 67.0, 14.9, 43.2, 20.7, 86.7, 41.8, 89.2, 69.3, 14.4, 78.8, 35.7, 19.5, 12.4, 59.0, 76.4, 61.5, 94.7, 63.3, 70.7, 87.7, 34.4, 68.6, 73.1, 99.2, 71.7, 69.2, 68.7, 23.2, 5.9, 99.4, 95.5, 46.0, 73.1, 34.6, 94.4, 57.5, 58.1, 32.9, 51.7, 67.3, 37.9, 65.9, 99.9, 23.9, 45.4, 87.0, 27.7, 87.8, 56.0, 81.4, 67.4, 81.9, 36.7, 8.0, 36.2, 26.9, 64.2, 33.6, 25.0, 7.0, 68.3, 35.3, 32.8, 52.2, 55.0, 81.1, 84.9, 38.2, 5.2, 38.6, 31.4, 56.0, 77.8, 93.9, 20.9, 33.3, 91.2, 4.7, 28.4, 38.6, 89.0, 72.0, 53.7, 46.6, 50.7, 5.6, 61.3, 71.1, 4.7, 32.1, 66.6, 14.0, 60.5, 72.8, 80.9, 24.6, 38.8, 88.6, 81.1, 80.5, 89.5, 37.0, 27.5, 42.7, 78.4, 1.4, 90.7, 2.6, 9.4, 61.4, 95.1, 77.7, 15.2, 2.8, 14.5, 57.1, 61.1, 15.9, 18.4, 36.6, 48.2, 42.4, 5.5, 64.0, 65.4, 82.3, 27.6, 34.0, 82.3, 98.0, 83.5, 30.3, 4.8, 61.1, 98.6, 72.1, 6.8, 20.2, 36.0, 53.1, 76.0, 83.2, 67.6, 76.2, 7.4, 99.8, 14.9, 6.8, 10.9, 2.4, 99.8, 50.4, 51.3, 95.0, 29.4, 84.7, 20.1, 37.1, 61.2, 22.0, 67.7, 90.2, 4.7, 60.1, 39.1, 19.9, 9.7]
物品总重量: 27389.4
其中设置的价值与重量有关
物品价值列表：
[78.0, 30.0, 66.0, 16.0, 53.0, 84.0, 19.0, 22.0, 9.0, 87.0, 49.0, 36.0, 68.0, 71.0, 57.0, 27.0, 16.0, 9.0, 49.0, 25.0, 43.0, 74.0, 38.0, 37.0, 79.0, 84.0, 2.0, 17.0, 34.0, 55.0, 48.0, 71.0, 22.0, 42.0, 71.0, 40.0, 11.0, 85.0, 41.0, 14.0, 50.0, 22.0, 42.0, 10.0, 84.0, 51.0, 75.0, 54.0, 2.0, 58.0, 21.0, 89.0, 87.0, 18.0, 13.0, 3.0, 81.0, 20.0, 70.0, 79.0, 70.0, 48.0, 6.0, 31.0, 21.0, 44.0, 44.0, 9.0, 52.0, 64.0, 68.0, 73.0, 80.0, 55.0, 74.0, 16.0, 72.0, 34.0, 44.0, 9.0, 7.0, 6.0, 90.0, 26.0, 40.0, 71.0, 78.0, 57.0, 19.0, 54.0, 2.0, 50.0, 82.0, 42.0, 86.0, 77.0, 90.0, 68.0, 72.0, 79.0, 60.0, 59.0, 77.0, 19.0, 76.0, 43.0, 10.0, 5.0, 25.0, 8.0, 47.0, 55.0, 2.0, 74.0, 6.0, 13.0, 10.0, 60.0, 25.0, 64.0, 56.0, 18.0, 8.0, 73.0, 77.0, 23.0, 62.0, 69.0, 16.0, 3.0, 39.0, 50.0, 78.0, 11.0, 45.0, 77.0, 34.0, 71.0, 13.0, 43.0, 5.0, 67.0, 51.0, 46.0, 79.0, 70.0, 87.0, 33.0, 27.0, 22.0, 55.0, 5.0, 26.0, 55.0, 6.0, 45.0, 79.0, 74.0, 10.0, 84.0, 52.0, 60.0, 55.0, 69.0, 83.0, 83.0, 51.0, 83.0, 27.0, 86.0, 45.0, 25.0, 55.0, 57.0, 1.0, 16.0, 39.0, 3.0, 72.0, 65.0, 73.0, 84.0, 7.0, 7.0, 45.0, 64.0, 59.0, 37.0, 16.0, 55.0, 46.0, 80.0, 28.0, 54.0, 53.0, 20.0, 65.0, 46.0, 42.0, 62.0, 49.0, 5.0, 51.0, 34.0, 60.0, 15.0, 12.0, 63.0, 19.0, 42.0, 83.0, 43.0, 30.0, 30.0, 59.0, 22.0, 2.0, 70.0, 24.0, 11.0, 45.0, 88.0, 61.0, 87.0, 47.0, 59.0, 8.0, 46.0, 72.0, 5.0, 22.0, 61.0, 82.0, 25.0, 11.0, 66.0, 89.0, 42.0, 49.0, 27.0, 55.0, 76.0, 90.0, 58.0, 40.0, 80.0, 41.0, 65.0, 34.0, 22.0, 29.0, 62.0, 68.0, 21.0, 61.0, 33.0, 72.0, 79.0, 47.0, 89.0, 21.0, 76.0, 57.0, 67.0, 79.0, 47.0, 64.0, 77.0, 37.0, 16.0, 20.0, 4.0, 90.0, 90.0, 13.0, 86.0, 80.0, 26.0, 8.0, 54.0, 83.0, 53.0, 24.0, 87.0, 55.0, 84.0, 4.0, 63.0, 79.0, 74.0, 20.0, 9.0, 26.0, 83.0, 73.0, 39.0, 23.0, 51.0, 15.0, 47.0, 48.0, 20.0, 51.0, 32.0, 10.0, 27.0, 38.0, 55.0, 27.0, 64.0, 44.0, 33.0, 14.0, 6.0, 40.0, 84.0, 52.0, 3.0, 27.0, 60.0, 25.0, 89.0, 90.0, 87.0, 68.0, 59.0, 70.0, 57.0, 3.0, 10.0, 55.0, 49.0, 15.0, 85.0, 5.0, 32.0, 82.0, 67.0, 23.0, 28.0, 48.0, 66.0, 59.0, 83.0, 20.0, 75.0, 24.0, 86.0, 71.0, 73.0, 54.0, 58.0, 21.0, 21.0, 49.0, 62.0, 79.0, 2.0, 4.0, 22.0, 42.0, 23.0, 24.0, 57.0, 21.0, 72.0, 14.0, 85.0, 18.0, 25.0, 61.0, 14.0, 39.0, 19.0, 79.0, 38.0, 81.0, 63.0, 13.0, 71.0, 33.0, 18.0, 12.0, 54.0, 69.0, 56.0, 86.0, 57.0, 64.0, 79.0, 31.0, 62.0, 66.0, 90.0, 65.0, 63.0, 62.0, 21.0, 6.0, 90.0, 86.0, 42.0, 66.0, 32.0, 85.0, 52.0, 53.0, 30.0, 47.0, 61.0, 35.0, 60.0, 90.0, 22.0, 41.0, 79.0, 25.0, 80.0, 51.0, 74.0, 61.0, 74.0, 34.0, 8.0, 33.0, 25.0, 58.0, 31.0, 23.0, 7.0, 62.0, 32.0, 30.0, 47.0, 50.0, 73.0, 77.0, 35.0, 5.0, 35.0, 29.0, 51.0, 71.0, 85.0, 19.0, 30.0, 83.0, 5.0, 26.0, 35.0, 81.0, 65.0, 49.0, 42.0, 46.0, 6.0, 56.0, 64.0, 5.0, 29.0, 60.0, 13.0, 55.0, 66.0, 73.0, 23.0, 35.0, 80.0, 73.0, 73.0, 81.0, 34.0, 25.0, 39.0, 71.0, 2.0, 82.0, 3.0, 9.0, 56.0, 86.0, 70.0, 14.0, 3.0, 14.0, 52.0, 55.0, 15.0, 17.0, 33.0, 44.0, 39.0, 5.0, 58.0, 59.0, 75.0, 25.0, 31.0, 75.0, 89.0, 76.0, 28.0, 5.0, 55.0, 89.0, 65.0, 7.0, 19.0, 33.0, 48.0, 69.0, 75.0, 61.0, 69.0, 7.0, 90.0, 14.0, 7.0, 10.0, 3.0, 90.0, 46.0, 47.0, 86.0, 27.0, 77.0, 19.0, 34.0, 56.0, 20.0, 61.0, 82.0, 5.0, 55.0, 36.0, 18.0, 9.0]
物品总价值：24912.0
背包的松紧度是0.5
背包的总容量是 13694.7
@@@@@@@@@@@@@@@@@@@@@@@@@@@@@@@@@@@@@@@@@@@@@@@@@@@@@@@@@@@@@@@@@@@@@@@@@@@@@@@@@@@@@@@@@@@@@@@
++++++++++++++++++++++++++++++++++++++++++++++++++++++++++++++++++++++++++++++++++++++++++++++++++
++++++++++++++++++++++++++++++++++++++++++++++++++++++++++++++++++++++++++++++++++++++++++++++++++
-------模拟退火算法初始化成功-------
-------初始温度：200
-------退火率:0.8
-------运行次数限制: 30
-------模拟退火算法开始计算-------
-------生成初始解中------------
--------初始解生成结束----------
初始解总重量: 13639.2
初始解总价值: 12403.0
迭代次数：1
当前背包内物品总重量: 13639.2
当前背包内物品总价值: 12403.0
迭代次数：2
当前背包内物品总重量: 13578.5
当前背包内物品总价值: 12349.0
迭代次数：3
当前背包内物品总重量: 13578.5
当前背包内物品总价值: 12349.0
迭代次数：4
当前背包内物品总重量: 13599.3
当前背包内物品总价值: 12368.0
迭代次数：5
当前背包内物品总重量: 13611.9
当前背包内物品总价值: 12379.0
迭代次数：6
当前背包内物品总重量: 13611.9
当前背包内物品总价值: 12379.0
迭代次数：7
当前背包内物品总重量: 13611.9
当前背包内物品总价值: 12379.0
迭代次数：8
当前背包内物品总重量: 13611.9
当前背包内物品总价值: 12379.0
迭代次数：9
当前背包内物品总重量: 13611.9
当前背包内物品总价值: 12379.0
迭代次数：10
当前背包内物品总重量: 13693.6
当前背包内物品总价值: 12453.0
迭代次数：11
当前背包内物品总重量: 13693.6
当前背包内物品总价值: 12453.0
迭代次数：12
当前背包内物品总重量: 13691.9
当前背包内物品总价值: 12451.0
迭代次数：13
当前背包内物品总重量: 13691.9
当前背包内物品总价值: 12451.0
迭代次数：14
当前背包内物品总重量: 13691.9
当前背包内物品总价值: 12451.0
迭代次数：15
当前背包内物品总重量: 13691.9
当前背包内物品总价值: 12451.0
迭代次数：16
当前背包内物品总重量: 13691.9
当前背包内物品总价值: 12451.0
迭代次数：17
当前背包内物品总重量: 13691.9
当前背包内物品总价值: 12451.0
迭代次数：18
当前背包内物品总重量: 13691.9
当前背包内物品总价值: 12451.0
迭代次数：19
当前背包内物品总重量: 13691.9
当前背包内物品总价值: 12451.0
迭代次数：20
当前背包内物品总重量: 13691.9
当前背包内物品总价值: 12451.0
迭代次数：21
当前背包内物品总重量: 13691.9
当前背包内物品总价值: 12451.0
迭代次数：22
当前背包内物品总重量: 13691.9
当前背包内物品总价值: 12451.0
迭代次数：23
当前背包内物品总重量: 13691.9
当前背包内物品总价值: 12451.0
迭代次数：24
当前背包内物品总重量: 13691.9
当前背包内物品总价值: 12451.0
迭代次数：25
当前背包内物品总重量: 13691.9
当前背包内物品总价值: 12451.0
迭代次数：26
当前背包内物品总重量: 13691.9
当前背包内物品总价值: 12451.0
迭代次数：27
当前背包内物品总重量: 13691.9
当前背包内物品总价值: 12451.0
迭代次数：28
当前背包内物品总重量: 13691.9
当前背包内物品总价值: 12451.0
迭代次数：29
当前背包内物品总重量: 13691.9
当前背包内物品总价值: 12451.0
迭代次数：30
当前背包内物品总重量: 13691.9
当前背包内物品总价值: 12451.0
**************************************************************************************************
计算结果最大价值为12451
其中物品总重量为13691.9
具体的选择为
[1, 1, 1, 1, 1, 1, 1, 1, 1, 1, 1, 1, 1, 1, 1, 1, 1, 1, 1, 1, 1, 1, 1, 1, 1, 1, 1, 1, 1, 1, 1, 1, 1, 1, 1, 1, 1, 1, 1, 0, 1, 1, 1, 1, 1, 1, 1, 1, 1, 1, 1, 1, 1, 1, 1, 1, 1, 1, 1, 1, 1, 1, 1, 1, 0, 1, 1, 1, 1, 1, 0, 1, 1, 1, 1, 1, 1, 1, 1, 1, 1, 1, 1, 1, 1, 1, 1, 1, 1, 1, 1, 0, 1, 1, 1, 1, 1, 1, 1, 1, 1, 1, 1, 0, 1, 1, 1, 1, 1, 1, 1, 1, 1, 1, 1, 1, 1, 1, 1, 1, 1, 1, 1, 1, 1, 1, 0, 1, 1, 1, 1, 1, 1, 1, 1, 1, 1, 1, 1, 1, 1, 1, 1, 1, 1, 1, 1, 1, 1, 1, 0, 1, 1, 1, 1, 1, 1, 1, 1, 1, 1, 1, 1, 1, 1, 1, 1, 1, 0, 1, 1, 1, 1, 1, 1, 1, 1, 1, 1, 1, 1, 1, 1, 1, 1, 1, 1, 1, 1, 1, 0, 1, 1, 1, 1, 1, 1, 1, 1, 1, 0, 1, 1, 1, 1, 1, 1, 1, 1, 1, 1, 1, 1, 1, 1, 1, 1, 1, 1, 1, 1, 1, 1, 1, 1, 1, 1, 1, 1, 1, 1, 1, 1, 1, 1, 1, 1, 1, 1, 1, 1, 1, 1, 1, 1, 1, 1, 1, 1, 0, 1, 1, 1, 1, 1, 1, 1, 1, 1, 1, 1, 1, 1, 0, 1, 0, 0, 0, 0, 0, 0, 0, 0, 0, 0, 0, 1, 0, 0, 0, 0, 0, 0, 0, 0, 0, 0, 0, 0, 0, 0, 0, 0, 0, 0, 0, 0, 0, 0, 0, 0, 0, 0, 0, 0, 0, 0, 0, 0, 0, 0, 0, 0, 0, 0, 0, 0, 1, 0, 0, 0, 0, 1, 0, 0, 0, 0, 0, 0, 0, 0, 0, 0, 0, 0, 0, 1, 0, 1, 0, 0, 0, 0, 0, 0, 0, 0, 0, 0, 0, 0, 0, 0, 0, 0, 0, 0, 0, 0, 0, 0, 0, 0, 0, 0, 0, 0, 0, 0, 0, 0, 0, 0, 0, 0, 0, 0, 0, 0, 0, 0, 0, 0, 0, 0, 0, 0, 0, 0, 0, 1, 1, 0, 0, 0, 0, 0, 0, 0, 0, 0, 0, 0, 0, 0, 0, 0, 0, 0, 0, 0, 0, 0, 0, 0, 0, 0, 0, 0, 0, 0, 0, 0, 0, 0, 0, 1, 0, 0, 0, 0, 0, 0, 0, 0, 0, 0, 0, 0, 0, 0, 0, 0, 0, 0, 0, 0, 0, 1, 0, 0, 0, 0, 0, 0, 0, 0, 0, 0, 0, 0, 0, 0, 0, 0, 0, 0, 0, 0, 0, 0, 0, 0, 0, 1, 0, 0, 0, 0, 0, 0, 0, 0, 0, 0, 0, 0, 0, 0, 0, 0, 0, 1, 0, 0, 0, 0, 1, 0, 0, 0, 0, 1, 0, 0, 0, 0, 0, 0, 0, 0, 0, 0, 0, 0, 0, 1, 0, 0, 0, 0, 0, 0, 0, 0, 0, 0, 0, 0, 0, 0, 0, 1, 0, 0, 0, 1]
**************************************************************************************************
-------模拟退火算法结束计算-------
++++++++++++++++++++++++++++++++++++++++++++++++++++++++++++++++++++++++++++++++++++++++++++++++++
++++++++++++++++++++++++++++++++++++++++++++++++++++++++++++++++++++++++++++++++++++++++++++++++++
++++++++++++++++++++++++++++++++++++++++++++++++++++++++++++++++++++++++++++++++++++++++++++++++++
-------回溯算法初始化成功-------
当前计算结果最大价值为9
当前计算结果最大价值为18
当前计算结果最大价值为27
当前计算结果最大价值为36
当前计算结果最大价值为45
当前计算结果最大价值为54
当前计算结果最大价值为63
当前计算结果最大价值为64
当前计算结果最大价值为73
当前计算结果最大价值为82
当前计算结果最大价值为91
当前计算结果最大价值为100
当前计算结果最大价值为109
当前计算结果最大价值为118
当前计算结果最大价值为123
当前计算结果最大价值为127
当前计算结果最大价值为136
当前计算结果最大价值为145
当前计算结果最大价值为146
当前计算结果最大价值为155
当前计算结果最大价值为164
当前计算结果最大价值为173
当前计算结果最大价值为182
当前计算结果最大价值为191
当前计算结果最大价值为200
当前计算结果最大价值为205
当前计算结果最大价值为206
当前计算结果最大价值为207
当前计算结果最大价值为216
当前计算结果最大价值为225
当前计算结果最大价值为234
当前计算结果最大价值为243
当前计算结果最大价值为252
当前计算结果最大价值为261
当前计算结果最大价值为266
当前计算结果最大价值为272
当前计算结果最大价值为281
当前计算结果最大价值为286
当前计算结果最大价值为290
当前计算结果最大价值为299
当前计算结果最大价值为308
当前计算结果最大价值为317
当前计算结果最大价值为322
当前计算结果最大价值为328
当前计算结果最大价值为337
当前计算结果最大价值为342
当前计算结果最大价值为351
当前计算结果最大价值为356
当前计算结果最大价值为362
当前计算结果最大价值为371
当前计算结果最大价值为376
当前计算结果最大价值为381
当前计算结果最大价值为390
当前计算结果最大价值为395
当前计算结果最大价值为399
当前计算结果最大价值为405
当前计算结果最大价值为414
当前计算结果最大价值为419
当前计算结果最大价值为428
当前计算结果最大价值为433
当前计算结果最大价值为439
当前计算结果最大价值为448
当前计算结果最大价值为453
当前计算结果最大价值为458
当前计算结果最大价值为467
当前计算结果最大价值为472
当前计算结果最大价值为475
当前计算结果最大价值为480
当前计算结果最大价值为485
当前计算结果最大价值为494
当前计算结果最大价值为499
当前计算结果最大价值为500
当前计算结果最大价值为505
当前计算结果最大价值为514
当前计算结果最大价值为519
当前计算结果最大价值为525
当前计算结果最大价值为534
当前计算结果最大价值为539
当前计算结果最大价值为544
当前计算结果最大价值为553
当前计算结果最大价值为558
当前计算结果最大价值为561
当前计算结果最大价值为566
当前计算结果最大价值为571
当前计算结果最大价值为580
当前计算结果最大价值为585
当前计算结果最大价值为586
当前计算结果最大价值为591
当前计算结果最大价值为600
当前计算结果最大价值为605
当前计算结果最大价值为608
当前计算结果最大价值为613
当前计算结果最大价值为618
当前计算结果最大价值为627
当前计算结果最大价值为632
当前计算结果最大价值为637
当前计算结果最大价值为646
当前计算结果最大价值为651
当前计算结果最大价值为654
当前计算结果最大价值为659
当前计算结果最大价值为664
当前计算结果最大价值为673
当前计算结果最大价值为678
当前计算结果最大价值为681
当前计算结果最大价值为690
当前计算结果最大价值为695
当前计算结果最大价值为698
当前计算结果最大价值为703
当前计算结果最大价值为708
当前计算结果最大价值为717
当前计算结果最大价值为722
当前计算结果最大价值为727
当前计算结果最大价值为736
当前计算结果最大价值为741
当前计算结果最大价值为744
当前计算结果最大价值为749
当前计算结果最大价值为754
当前计算结果最大价值为763
当前计算结果最大价值为768
当前计算结果最大价值为771
当前计算结果最大价值为773
当前计算结果最大价值为778
当前计算结果最大价值为781
